#-----------------------------------------------------------
# Vivado v2019.2 (64-bit)
# SW Build 2708876 on Wed Nov  6 21:40:23 MST 2019
# IP Build 2700528 on Thu Nov  7 00:09:20 MST 2019
# Start of session at: Tue Apr 18 19:29:56 2023
# Process ID: 12376
# Current directory: D:/Documents/University/fpga/lab4/pulpino_students/pulpino_nexys_a7_100t
# Command line: vivado.exe -gui_launcher_event rodinguilauncherevent14456 D:\Documents\University\fpga\lab4\pulpino_students\pulpino_nexys_a7_100t\pulpino_nexys_a7_100t.xpr
# Log file: D:/Documents/University/fpga/lab4/pulpino_students/pulpino_nexys_a7_100t/vivado.log
# Journal file: D:/Documents/University/fpga/lab4/pulpino_students/pulpino_nexys_a7_100t\vivado.jou
#-----------------------------------------------------------
start_gui
open_project D:/Documents/University/fpga/lab4/pulpino_students/pulpino_nexys_a7_100t/pulpino_nexys_a7_100t.xpr
Scanning sources...
Finished scanning sources
INFO: [IP_Flow 19-234] Refreshing IP repositories
INFO: [IP_Flow 19-1704] No user IP repositories specified
INFO: [IP_Flow 19-2313] Loaded Vivado IP repository 'C:/Programs/Xilinx/Vivado/2019.2/data/ip'.
open_project: Time (s): cpu = 00:00:31 ; elapsed = 00:00:15 . Memory (MB): peak = 746.422 ; gain = 135.223
update_compile_order -fileset sources_1
launch_simulation
Command: launch_simulation 
INFO: [Vivado 12-5698] Checking validity of IPs in the design for the 'XSim' simulator...
INFO: [Vivado 12-5682] Launching behavioral simulation in 'D:/Documents/University/fpga/lab4/pulpino_students/pulpino_nexys_a7_100t/pulpino_nexys_a7_100t.sim/sim_1/behav/xsim'
INFO: [Vivado 12-4795] Using compiled simulation libraries for IPs
INFO: [SIM-utils-51] Simulation object is 'sim_1'
INFO: [USF-XSim-7] Finding pre-compiled libraries...
INFO: [USF-XSim-11] File 'C:/Programs/Xilinx/Vivado/2019.2/data/xsim/xsim.ini' copied to run dir:'D:/Documents/University/fpga/lab4/pulpino_students/pulpino_nexys_a7_100t/pulpino_nexys_a7_100t.sim/sim_1/behav/xsim'
INFO: [SIM-utils-54] Inspecting design source files for 'pulpino_nexys_a7_tb_kuznechik' in fileset 'sim_1'...
INFO: [SIM-utils-43] Exported 'D:/Documents/University/fpga/lab4/pulpino_students/pulpino_nexys_a7_100t/pulpino_nexys_a7_100t.sim/sim_1/behav/xsim/test_sw_emb_text.dat'
INFO: [SIM-utils-43] Exported 'D:/Documents/University/fpga/lab4/pulpino_students/pulpino_nexys_a7_100t/pulpino_nexys_a7_100t.sim/sim_1/behav/xsim/test_sw_emb_data.dat'
INFO: [SIM-utils-43] Exported 'D:/Documents/University/fpga/lab4/pulpino_students/pulpino_nexys_a7_100t/pulpino_nexys_a7_100t.sim/sim_1/behav/xsim/boot_code.dat'
INFO: [SIM-utils-43] Exported 'D:/Documents/University/fpga/lab4/pulpino_students/pulpino_nexys_a7_100t/pulpino_nexys_a7_100t.sim/sim_1/behav/xsim/keys.mem'
INFO: [SIM-utils-43] Exported 'D:/Documents/University/fpga/lab4/pulpino_students/pulpino_nexys_a7_100t/pulpino_nexys_a7_100t.sim/sim_1/behav/xsim/S_box.mem'
INFO: [SIM-utils-43] Exported 'D:/Documents/University/fpga/lab4/pulpino_students/pulpino_nexys_a7_100t/pulpino_nexys_a7_100t.sim/sim_1/behav/xsim/S_box_inverted.mem'
INFO: [SIM-utils-43] Exported 'D:/Documents/University/fpga/lab4/pulpino_students/pulpino_nexys_a7_100t/pulpino_nexys_a7_100t.sim/sim_1/behav/xsim/L_16.mem'
INFO: [SIM-utils-43] Exported 'D:/Documents/University/fpga/lab4/pulpino_students/pulpino_nexys_a7_100t/pulpino_nexys_a7_100t.sim/sim_1/behav/xsim/L_32.mem'
INFO: [SIM-utils-43] Exported 'D:/Documents/University/fpga/lab4/pulpino_students/pulpino_nexys_a7_100t/pulpino_nexys_a7_100t.sim/sim_1/behav/xsim/L_133.mem'
INFO: [SIM-utils-43] Exported 'D:/Documents/University/fpga/lab4/pulpino_students/pulpino_nexys_a7_100t/pulpino_nexys_a7_100t.sim/sim_1/behav/xsim/L_148.mem'
INFO: [SIM-utils-43] Exported 'D:/Documents/University/fpga/lab4/pulpino_students/pulpino_nexys_a7_100t/pulpino_nexys_a7_100t.sim/sim_1/behav/xsim/L_192.mem'
INFO: [SIM-utils-43] Exported 'D:/Documents/University/fpga/lab4/pulpino_students/pulpino_nexys_a7_100t/pulpino_nexys_a7_100t.sim/sim_1/behav/xsim/L_194.mem'
INFO: [SIM-utils-43] Exported 'D:/Documents/University/fpga/lab4/pulpino_students/pulpino_nexys_a7_100t/pulpino_nexys_a7_100t.sim/sim_1/behav/xsim/L_251.mem'
INFO: [USF-XSim-97] Finding global include files...
INFO: [USF-XSim-98] Fetching design files from 'sim_1'...
INFO: [USF-XSim-2] XSim::Compile design
INFO: [USF-XSim-61] Executing 'COMPILE and ANALYZE' step in 'D:/Documents/University/fpga/lab4/pulpino_students/pulpino_nexys_a7_100t/pulpino_nexys_a7_100t.sim/sim_1/behav/xsim'
"xvlog --incr --relax -prj pulpino_nexys_a7_tb_kuznechik_vlog.prj"
"xvhdl --incr --relax -prj pulpino_nexys_a7_tb_kuznechik_vhdl.prj"
run_program: Time (s): cpu = 00:00:03 ; elapsed = 00:00:05 . Memory (MB): peak = 795.312 ; gain = 0.000
INFO: [USF-XSim-69] 'compile' step finished in '6' seconds
INFO: [USF-XSim-3] XSim::Elaborate design
INFO: [USF-XSim-61] Executing 'ELABORATE' step in 'D:/Documents/University/fpga/lab4/pulpino_students/pulpino_nexys_a7_100t/pulpino_nexys_a7_100t.sim/sim_1/behav/xsim'
"xelab -wto 6605eff7ee774639a38cbda8a993628f --incr --debug typical --relax --mt 2 -L xil_defaultlib -L unisims_ver -L unimacro_ver -L secureip -L xpm --snapshot pulpino_nexys_a7_tb_kuznechik_behav xil_defaultlib.pulpino_nexys_a7_tb_kuznechik xil_defaultlib.glbl -log elaborate.log"
Vivado Simulator 2019.2
Copyright 1986-1999, 2001-2019 Xilinx, Inc. All Rights Reserved.
Running: C:/Programs/Xilinx/Vivado/2019.2/bin/unwrapped/win64.o/xelab.exe -wto 6605eff7ee774639a38cbda8a993628f --incr --debug typical --relax --mt 2 -L xil_defaultlib -L unisims_ver -L unimacro_ver -L secureip -L xpm --snapshot pulpino_nexys_a7_tb_kuznechik_behav xil_defaultlib.pulpino_nexys_a7_tb_kuznechik xil_defaultlib.glbl -log elaborate.log 
Using 2 slave threads.
Starting static elaboration
Pass Through NonSizing Optimizer
WARNING: [VRFC 10-3091] actual bit length 32 differs from formal bit length 12 for port 'apb_paddr_i' [D:/Documents/University/fpga/lab4/pulpino_students/rtl/peripherals.sv:562]
WARNING: [VRFC 10-5021] port 'cpu_clk_i' is not connected on this instance [D:/Documents/University/fpga/lab4/pulpino_students/rtl/core_region.sv:567]
Completed static elaboration
INFO: [XSIM 43-4323] No Change in HDL. Linking previously generated obj files to create kernel
INFO: [USF-XSim-69] 'elaborate' step finished in '4' seconds
INFO: [USF-XSim-4] XSim::Simulate design
INFO: [USF-XSim-61] Executing 'SIMULATE' step in 'D:/Documents/University/fpga/lab4/pulpino_students/pulpino_nexys_a7_100t/pulpino_nexys_a7_100t.sim/sim_1/behav/xsim'
INFO: [USF-XSim-98] *** Running xsim
   with args "pulpino_nexys_a7_tb_kuznechik_behav -key {Behavioral:sim_1:Functional:pulpino_nexys_a7_tb_kuznechik} -tclbatch {pulpino_nexys_a7_tb_kuznechik.tcl} -log {simulate.log}"
INFO: [USF-XSim-8] Loading simulator feature
Vivado Simulator 2019.2
Time resolution is 1 ps
source pulpino_nexys_a7_tb_kuznechik.tcl
# set curr_wave [current_wave_config]
# if { [string length $curr_wave] == 0 } {
#   if { [llength [get_objects]] > 0} {
#     add_wave /
#     set_property needs_save false [current_wave_config]
#   } else {
#      send_msg_id Add_Wave-1 WARNING "No top level signals found. Simulator will start without a wave window. If you want to open a wave window go to 'File->New Waveform Configuration' or type 'create_wave_config' in the TCL console."
#   }
# }
# run 1000ns
Testbench has been started.

xsim: Time (s): cpu = 00:00:14 ; elapsed = 00:00:06 . Memory (MB): peak = 822.574 ; gain = 27.262
INFO: [USF-XSim-96] XSim completed. Design snapshot 'pulpino_nexys_a7_tb_kuznechik_behav' loaded.
INFO: [USF-XSim-97] XSim simulation ran for 1000ns
launch_simulation: Time (s): cpu = 00:00:25 ; elapsed = 00:00:20 . Memory (MB): peak = 822.621 ; gain = 39.984
run 1 s
Ciphering has been started.
run: Time (s): cpu = 00:00:35 ; elapsed = 00:00:37 . Memory (MB): peak = 836.203 ; gain = 0.000
relaunch_sim
Command: launch_simulation -simset sim_1 -mode behavioral
INFO: [Vivado 12-5698] Checking validity of IPs in the design for the 'XSim' simulator...
INFO: [Vivado 12-5682] Launching behavioral simulation in 'D:/Documents/University/fpga/lab4/pulpino_students/pulpino_nexys_a7_100t/pulpino_nexys_a7_100t.sim/sim_1/behav/xsim'
INFO: [Vivado 12-4795] Using compiled simulation libraries for IPs
INFO: [SIM-utils-51] Simulation object is 'sim_1'
INFO: [USF-XSim-7] Finding pre-compiled libraries...
INFO: [USF-XSim-11] File 'C:/Programs/Xilinx/Vivado/2019.2/data/xsim/xsim.ini' copied to run dir:'D:/Documents/University/fpga/lab4/pulpino_students/pulpino_nexys_a7_100t/pulpino_nexys_a7_100t.sim/sim_1/behav/xsim'
INFO: [SIM-utils-54] Inspecting design source files for 'pulpino_nexys_a7_tb_kuznechik' in fileset 'sim_1'...
INFO: [SIM-utils-43] Exported 'D:/Documents/University/fpga/lab4/pulpino_students/pulpino_nexys_a7_100t/pulpino_nexys_a7_100t.sim/sim_1/behav/xsim/test_sw_emb_text.dat'
INFO: [SIM-utils-43] Exported 'D:/Documents/University/fpga/lab4/pulpino_students/pulpino_nexys_a7_100t/pulpino_nexys_a7_100t.sim/sim_1/behav/xsim/test_sw_emb_data.dat'
INFO: [SIM-utils-43] Exported 'D:/Documents/University/fpga/lab4/pulpino_students/pulpino_nexys_a7_100t/pulpino_nexys_a7_100t.sim/sim_1/behav/xsim/boot_code.dat'
INFO: [SIM-utils-43] Exported 'D:/Documents/University/fpga/lab4/pulpino_students/pulpino_nexys_a7_100t/pulpino_nexys_a7_100t.sim/sim_1/behav/xsim/keys.mem'
INFO: [SIM-utils-43] Exported 'D:/Documents/University/fpga/lab4/pulpino_students/pulpino_nexys_a7_100t/pulpino_nexys_a7_100t.sim/sim_1/behav/xsim/S_box.mem'
INFO: [SIM-utils-43] Exported 'D:/Documents/University/fpga/lab4/pulpino_students/pulpino_nexys_a7_100t/pulpino_nexys_a7_100t.sim/sim_1/behav/xsim/S_box_inverted.mem'
INFO: [SIM-utils-43] Exported 'D:/Documents/University/fpga/lab4/pulpino_students/pulpino_nexys_a7_100t/pulpino_nexys_a7_100t.sim/sim_1/behav/xsim/L_16.mem'
INFO: [SIM-utils-43] Exported 'D:/Documents/University/fpga/lab4/pulpino_students/pulpino_nexys_a7_100t/pulpino_nexys_a7_100t.sim/sim_1/behav/xsim/L_32.mem'
INFO: [SIM-utils-43] Exported 'D:/Documents/University/fpga/lab4/pulpino_students/pulpino_nexys_a7_100t/pulpino_nexys_a7_100t.sim/sim_1/behav/xsim/L_133.mem'
INFO: [SIM-utils-43] Exported 'D:/Documents/University/fpga/lab4/pulpino_students/pulpino_nexys_a7_100t/pulpino_nexys_a7_100t.sim/sim_1/behav/xsim/L_148.mem'
INFO: [SIM-utils-43] Exported 'D:/Documents/University/fpga/lab4/pulpino_students/pulpino_nexys_a7_100t/pulpino_nexys_a7_100t.sim/sim_1/behav/xsim/L_192.mem'
INFO: [SIM-utils-43] Exported 'D:/Documents/University/fpga/lab4/pulpino_students/pulpino_nexys_a7_100t/pulpino_nexys_a7_100t.sim/sim_1/behav/xsim/L_194.mem'
INFO: [SIM-utils-43] Exported 'D:/Documents/University/fpga/lab4/pulpino_students/pulpino_nexys_a7_100t/pulpino_nexys_a7_100t.sim/sim_1/behav/xsim/L_251.mem'
INFO: [USF-XSim-97] Finding global include files...
INFO: [USF-XSim-98] Fetching design files from 'sim_1'...
INFO: [USF-XSim-2] XSim::Compile design
INFO: [USF-XSim-61] Executing 'COMPILE and ANALYZE' step in 'D:/Documents/University/fpga/lab4/pulpino_students/pulpino_nexys_a7_100t/pulpino_nexys_a7_100t.sim/sim_1/behav/xsim'
"xvlog --incr --relax -prj pulpino_nexys_a7_tb_kuznechik_vlog.prj"
"xvhdl --incr --relax -prj pulpino_nexys_a7_tb_kuznechik_vhdl.prj"
run_program: Time (s): cpu = 00:00:01 ; elapsed = 00:00:05 . Memory (MB): peak = 836.203 ; gain = 0.000
INFO: [USF-XSim-69] 'compile' step finished in '6' seconds
launch_simulation: Time (s): cpu = 00:00:02 ; elapsed = 00:00:06 . Memory (MB): peak = 836.203 ; gain = 0.000
Command: launch_simulation -simset sim_1 -mode behavioral
INFO: [Vivado 12-5698] Checking validity of IPs in the design for the 'XSim' simulator...
INFO: [Vivado 12-5682] Launching behavioral simulation in 'D:/Documents/University/fpga/lab4/pulpino_students/pulpino_nexys_a7_100t/pulpino_nexys_a7_100t.sim/sim_1/behav/xsim'
INFO: [Vivado 12-4795] Using compiled simulation libraries for IPs
INFO: [USF-XSim-3] XSim::Elaborate design
INFO: [USF-XSim-61] Executing 'ELABORATE' step in 'D:/Documents/University/fpga/lab4/pulpino_students/pulpino_nexys_a7_100t/pulpino_nexys_a7_100t.sim/sim_1/behav/xsim'
"xelab -wto 6605eff7ee774639a38cbda8a993628f --incr --debug typical --relax --mt 2 -L xil_defaultlib -L unisims_ver -L unimacro_ver -L secureip -L xpm --snapshot pulpino_nexys_a7_tb_kuznechik_behav xil_defaultlib.pulpino_nexys_a7_tb_kuznechik xil_defaultlib.glbl -log elaborate.log"
Vivado Simulator 2019.2
Copyright 1986-1999, 2001-2019 Xilinx, Inc. All Rights Reserved.
Running: C:/Programs/Xilinx/Vivado/2019.2/bin/unwrapped/win64.o/xelab.exe -wto 6605eff7ee774639a38cbda8a993628f --incr --debug typical --relax --mt 2 -L xil_defaultlib -L unisims_ver -L unimacro_ver -L secureip -L xpm --snapshot pulpino_nexys_a7_tb_kuznechik_behav xil_defaultlib.pulpino_nexys_a7_tb_kuznechik xil_defaultlib.glbl -log elaborate.log 
Using 2 slave threads.
Starting static elaboration
Pass Through NonSizing Optimizer
WARNING: [VRFC 10-3091] actual bit length 32 differs from formal bit length 12 for port 'apb_paddr_i' [D:/Documents/University/fpga/lab4/pulpino_students/rtl/peripherals.sv:562]
WARNING: [VRFC 10-5021] port 'cpu_clk_i' is not connected on this instance [D:/Documents/University/fpga/lab4/pulpino_students/rtl/core_region.sv:567]
Completed static elaboration
INFO: [XSIM 43-4323] No Change in HDL. Linking previously generated obj files to create kernel
INFO: [USF-XSim-69] 'elaborate' step finished in '4' seconds
Vivado Simulator 2019.2
Time resolution is 1 ps
Testbench has been started.

relaunch_sim: Time (s): cpu = 00:00:06 ; elapsed = 00:00:16 . Memory (MB): peak = 836.203 ; gain = 0.000
run 1 s
Ciphering has been started.
Error: time limit exceeded
$finish called at time : 19757426 ns : File "D:/Documents/University/fpga/lab4/pulpino_students/tb/pulpino_nexys_a7_tb_kuznechik.sv" Line 124
run: Time (s): cpu = 00:02:54 ; elapsed = 00:11:54 . Memory (MB): peak = 876.363 ; gain = 40.160
relaunch_sim
Command: launch_simulation -simset sim_1 -mode behavioral
INFO: [Vivado 12-5698] Checking validity of IPs in the design for the 'XSim' simulator...
INFO: [Vivado 12-5682] Launching behavioral simulation in 'D:/Documents/University/fpga/lab4/pulpino_students/pulpino_nexys_a7_100t/pulpino_nexys_a7_100t.sim/sim_1/behav/xsim'
INFO: [Vivado 12-4795] Using compiled simulation libraries for IPs
INFO: [SIM-utils-51] Simulation object is 'sim_1'
INFO: [USF-XSim-7] Finding pre-compiled libraries...
INFO: [USF-XSim-11] File 'C:/Programs/Xilinx/Vivado/2019.2/data/xsim/xsim.ini' copied to run dir:'D:/Documents/University/fpga/lab4/pulpino_students/pulpino_nexys_a7_100t/pulpino_nexys_a7_100t.sim/sim_1/behav/xsim'
INFO: [SIM-utils-54] Inspecting design source files for 'pulpino_nexys_a7_tb_kuznechik' in fileset 'sim_1'...
INFO: [SIM-utils-43] Exported 'D:/Documents/University/fpga/lab4/pulpino_students/pulpino_nexys_a7_100t/pulpino_nexys_a7_100t.sim/sim_1/behav/xsim/test_sw_emb_text.dat'
INFO: [SIM-utils-43] Exported 'D:/Documents/University/fpga/lab4/pulpino_students/pulpino_nexys_a7_100t/pulpino_nexys_a7_100t.sim/sim_1/behav/xsim/test_sw_emb_data.dat'
INFO: [SIM-utils-43] Exported 'D:/Documents/University/fpga/lab4/pulpino_students/pulpino_nexys_a7_100t/pulpino_nexys_a7_100t.sim/sim_1/behav/xsim/boot_code.dat'
INFO: [SIM-utils-43] Exported 'D:/Documents/University/fpga/lab4/pulpino_students/pulpino_nexys_a7_100t/pulpino_nexys_a7_100t.sim/sim_1/behav/xsim/keys.mem'
INFO: [SIM-utils-43] Exported 'D:/Documents/University/fpga/lab4/pulpino_students/pulpino_nexys_a7_100t/pulpino_nexys_a7_100t.sim/sim_1/behav/xsim/S_box.mem'
INFO: [SIM-utils-43] Exported 'D:/Documents/University/fpga/lab4/pulpino_students/pulpino_nexys_a7_100t/pulpino_nexys_a7_100t.sim/sim_1/behav/xsim/S_box_inverted.mem'
INFO: [SIM-utils-43] Exported 'D:/Documents/University/fpga/lab4/pulpino_students/pulpino_nexys_a7_100t/pulpino_nexys_a7_100t.sim/sim_1/behav/xsim/L_16.mem'
INFO: [SIM-utils-43] Exported 'D:/Documents/University/fpga/lab4/pulpino_students/pulpino_nexys_a7_100t/pulpino_nexys_a7_100t.sim/sim_1/behav/xsim/L_32.mem'
INFO: [SIM-utils-43] Exported 'D:/Documents/University/fpga/lab4/pulpino_students/pulpino_nexys_a7_100t/pulpino_nexys_a7_100t.sim/sim_1/behav/xsim/L_133.mem'
INFO: [SIM-utils-43] Exported 'D:/Documents/University/fpga/lab4/pulpino_students/pulpino_nexys_a7_100t/pulpino_nexys_a7_100t.sim/sim_1/behav/xsim/L_148.mem'
INFO: [SIM-utils-43] Exported 'D:/Documents/University/fpga/lab4/pulpino_students/pulpino_nexys_a7_100t/pulpino_nexys_a7_100t.sim/sim_1/behav/xsim/L_192.mem'
INFO: [SIM-utils-43] Exported 'D:/Documents/University/fpga/lab4/pulpino_students/pulpino_nexys_a7_100t/pulpino_nexys_a7_100t.sim/sim_1/behav/xsim/L_194.mem'
INFO: [SIM-utils-43] Exported 'D:/Documents/University/fpga/lab4/pulpino_students/pulpino_nexys_a7_100t/pulpino_nexys_a7_100t.sim/sim_1/behav/xsim/L_251.mem'
INFO: [USF-XSim-97] Finding global include files...
INFO: [USF-XSim-98] Fetching design files from 'sim_1'...
INFO: [USF-XSim-2] XSim::Compile design
INFO: [USF-XSim-61] Executing 'COMPILE and ANALYZE' step in 'D:/Documents/University/fpga/lab4/pulpino_students/pulpino_nexys_a7_100t/pulpino_nexys_a7_100t.sim/sim_1/behav/xsim'
"xvlog --incr --relax -prj pulpino_nexys_a7_tb_kuznechik_vlog.prj"
INFO: [VRFC 10-2263] Analyzing Verilog file "D:/Documents/University/fpga/lab4/pulpino_students/rtl/config.sv" into library xil_defaultlib
INFO: [VRFC 10-2263] Analyzing Verilog file "D:/Documents/University/fpga/lab4/pulpino_students/pulpino_nexys_a7_100t/pulpino_nexys_a7_100t.srcs/sources_1/ip/xilinx_mmcm/xilinx_mmcm_clk_wiz.v" into library xil_defaultlib
INFO: [VRFC 10-311] analyzing module xilinx_mmcm_clk_wiz
INFO: [VRFC 10-2263] Analyzing Verilog file "D:/Documents/University/fpga/lab4/pulpino_students/pulpino_nexys_a7_100t/pulpino_nexys_a7_100t.srcs/sources_1/ip/xilinx_mmcm/xilinx_mmcm.v" into library xil_defaultlib
INFO: [VRFC 10-311] analyzing module xilinx_mmcm
INFO: [VRFC 10-2263] Analyzing Verilog file "D:/Documents/University/fpga/lab4/pulpino_students/submodules/adv_dbg_if/rtl/adbg_crc32.v" into library xil_defaultlib
INFO: [VRFC 10-311] analyzing module adbg_crc32
INFO: [VRFC 10-2263] Analyzing Verilog file "D:/Documents/University/fpga/lab4/pulpino_students/submodules/adv_dbg_if/rtl/adbg_tap_top.v" into library xil_defaultlib
INFO: [VRFC 10-311] analyzing module adbg_tap_top
INFO: [VRFC 10-2263] Analyzing Verilog file "D:/Documents/University/fpga/lab4/pulpino_students/submodules/axi/axi_slice_dc/dc_data_buffer.v" into library xil_defaultlib
INFO: [VRFC 10-311] analyzing module dc_data_buffer
INFO: [VRFC 10-2263] Analyzing Verilog file "D:/Documents/University/fpga/lab4/pulpino_students/submodules/axi/axi_slice_dc/dc_full_detector.v" into library xil_defaultlib
INFO: [VRFC 10-311] analyzing module dc_full_detector
INFO: [VRFC 10-2263] Analyzing Verilog file "D:/Documents/University/fpga/lab4/pulpino_students/submodules/axi/axi_slice_dc/dc_synchronizer.v" into library xil_defaultlib
INFO: [VRFC 10-311] analyzing module dc_synchronizer
INFO: [VRFC 10-2263] Analyzing Verilog file "D:/Documents/University/fpga/lab4/pulpino_students/submodules/axi/axi_slice_dc/dc_token_ring.v" into library xil_defaultlib
INFO: [VRFC 10-311] analyzing module dc_token_ring
INFO: [VRFC 10-2263] Analyzing Verilog file "D:/Documents/University/fpga/lab4/pulpino_students/submodules/axi/axi_slice_dc/dc_token_ring_fifo_din.v" into library xil_defaultlib
INFO: [VRFC 10-311] analyzing module dc_token_ring_fifo_din
INFO: [VRFC 10-2263] Analyzing Verilog file "D:/Documents/University/fpga/lab4/pulpino_students/submodules/axi/axi_slice_dc/dc_token_ring_fifo_dout.v" into library xil_defaultlib
INFO: [VRFC 10-311] analyzing module dc_token_ring_fifo_dout
INFO: [VRFC 10-2263] Analyzing Verilog file "D:/Documents/University/fpga/lab4/pulpino_students/rtl/xilinx_spram.v" into library xil_defaultlib
INFO: [VRFC 10-311] analyzing module xilinx_spram
INFO: [VRFC 10-2263] Analyzing SystemVerilog file "D:/Documents/University/fpga/lab4/pulpino_students/rtl/config.sv" into library xil_defaultlib
INFO: [VRFC 10-2263] Analyzing SystemVerilog file "D:/Documents/University/fpga/lab4/pulpino_students/tb/pulpino_nexys_a7_tb_kuznechik.sv" into library xil_defaultlib
INFO: [VRFC 10-311] analyzing module pulpino_nexys_a7_tb_kuznechik
"xvhdl --incr --relax -prj pulpino_nexys_a7_tb_kuznechik_vhdl.prj"
run_program: Time (s): cpu = 00:00:00 ; elapsed = 00:00:05 . Memory (MB): peak = 883.023 ; gain = 0.000
INFO: [USF-XSim-69] 'compile' step finished in '5' seconds
launch_simulation: Time (s): cpu = 00:00:01 ; elapsed = 00:00:07 . Memory (MB): peak = 883.023 ; gain = 0.000
Command: launch_simulation -simset sim_1 -mode behavioral
INFO: [Vivado 12-5698] Checking validity of IPs in the design for the 'XSim' simulator...
INFO: [Vivado 12-5682] Launching behavioral simulation in 'D:/Documents/University/fpga/lab4/pulpino_students/pulpino_nexys_a7_100t/pulpino_nexys_a7_100t.sim/sim_1/behav/xsim'
INFO: [Vivado 12-4795] Using compiled simulation libraries for IPs
INFO: [USF-XSim-3] XSim::Elaborate design
INFO: [USF-XSim-61] Executing 'ELABORATE' step in 'D:/Documents/University/fpga/lab4/pulpino_students/pulpino_nexys_a7_100t/pulpino_nexys_a7_100t.sim/sim_1/behav/xsim'
"xelab -wto 6605eff7ee774639a38cbda8a993628f --incr --debug typical --relax --mt 2 -L xil_defaultlib -L unisims_ver -L unimacro_ver -L secureip -L xpm --snapshot pulpino_nexys_a7_tb_kuznechik_behav xil_defaultlib.pulpino_nexys_a7_tb_kuznechik xil_defaultlib.glbl -log elaborate.log"
Vivado Simulator 2019.2
Copyright 1986-1999, 2001-2019 Xilinx, Inc. All Rights Reserved.
Running: C:/Programs/Xilinx/Vivado/2019.2/bin/unwrapped/win64.o/xelab.exe -wto 6605eff7ee774639a38cbda8a993628f --incr --debug typical --relax --mt 2 -L xil_defaultlib -L unisims_ver -L unimacro_ver -L secureip -L xpm --snapshot pulpino_nexys_a7_tb_kuznechik_behav xil_defaultlib.pulpino_nexys_a7_tb_kuznechik xil_defaultlib.glbl -log elaborate.log 
Using 2 slave threads.
Starting static elaboration
Pass Through NonSizing Optimizer
WARNING: [VRFC 10-3091] actual bit length 32 differs from formal bit length 12 for port 'apb_paddr_i' [D:/Documents/University/fpga/lab4/pulpino_students/rtl/peripherals.sv:562]
WARNING: [VRFC 10-5021] port 'cpu_clk_i' is not connected on this instance [D:/Documents/University/fpga/lab4/pulpino_students/rtl/core_region.sv:567]
Completed static elaboration
Starting simulation data flow analysis
WARNING: [XSIM 43-4100] "D:/Documents/University/fpga/lab4/pulpino_students/pulpino_nexys_a7_100t/pulpino_nexys_a7_100t.srcs/sources_1/ip/xilinx_mmcm/xilinx_mmcm.v" Line 68. Module xilinx_mmcm has a timescale but at least one module in design doesn't have timescale.
WARNING: [XSIM 43-4100] "D:/Documents/University/fpga/lab4/pulpino_students/pulpino_nexys_a7_100t/pulpino_nexys_a7_100t.srcs/sources_1/ip/xilinx_mmcm/xilinx_mmcm_clk_wiz.v" Line 68. Module xilinx_mmcm_clk_wiz has a timescale but at least one module in design doesn't have timescale.
WARNING: [XSIM 43-4100] "/wrk/2019.2/continuous/2019_11_06_2708876/data/verilog/src/unisims/IBUF.v" Line 29. Module IBUF has a timescale but at least one module in design doesn't have timescale.
WARNING: [XSIM 43-4100] "/wrk/2019.2/continuous/2019_11_06_2708876/data/verilog/src/unisims/MMCME2_ADV.v" Line 123. Module MMCME2_ADV(CLKFBOUT_MULT_F=10.0,CLKIN1_PERIOD=10.0,CLKOUT0_DIVIDE_F=20.0) has a timescale but at least one module in design doesn't have timescale.
WARNING: [XSIM 43-4100] "/wrk/2019.2/continuous/2019_11_06_2708876/data/verilog/src/unisims/BUFG.v" Line 27. Module BUFG has a timescale but at least one module in design doesn't have timescale.
WARNING: [XSIM 43-4100] "/wrk/2019.2/continuous/2019_11_06_2708876/data/verilog/src/unisims/BUFG.v" Line 27. Module BUFG has a timescale but at least one module in design doesn't have timescale.
WARNING: [XSIM 43-4100] "D:/Documents/University/fpga/lab4/pulpino_students/rtl/clk_rst_gen.sv" Line 12. Module clk_rst_gen has a timescale but at least one module in design doesn't have timescale.
WARNING: [XSIM 43-4100] "D:/Documents/University/fpga/lab4/pulpino_students/rtl/components/cluster_clock_mux2.sv" Line 11. Module cluster_clock_mux2 has a timescale but at least one module in design doesn't have timescale.
WARNING: [XSIM 43-4100] "D:/Documents/University/fpga/lab4/pulpino_students/rtl/components/cluster_clock_gating.sv" Line 11. Module cluster_clock_gating has a timescale but at least one module in design doesn't have timescale.
WARNING: [XSIM 43-4100] "D:/Documents/University/fpga/lab4/pulpino_students/submodules/axi/core2axi/core2axi.sv" Line 16. Module core2axi(AXI4_ID_WIDTH=2,AXI4_USER_WIDTH=1) has a timescale but at least one module in design doesn't have timescale.
WARNING: [XSIM 43-4100] "D:/Documents/University/fpga/lab4/pulpino_students/rtl/axi_slice_wrap.sv" Line 12. Module axi_slice_wrap(AXI_DATA_WIDTH=32,AXI_USER_WIDTH=1,AXI_ID_WIDTH=2)(axi_slave=AXI_BUS(AXI_DATA_WIDTH=32,AXI_ID_WIDTH=2,AXI_USER_WIDTH=1)_Slave,axi_master=AXI_BUS(AXI_DATA_WIDTH=32,AXI_ID_WIDTH=2,AXI_USER_WIDTH=1)_Master) has a timescale but at least one module in design doesn't have timescale.
WARNING: [XSIM 43-4100] "D:/Documents/University/fpga/lab4/pulpino_students/submodules/axi/axi_slice/axi_slice.sv" Line 42. Module axi_slice(AXI_DATA_WIDTH=32,AXI_USER_WIDTH=1,AXI_ID_WIDTH=2) has a timescale but at least one module in design doesn't have timescale.
WARNING: [XSIM 43-4100] "D:/Documents/University/fpga/lab4/pulpino_students/submodules/axi/axi_slice/axi_aw_buffer.sv" Line 41. Module axi_aw_buffer(ID_WIDTH=2,USER_WIDTH=1) has a timescale but at least one module in design doesn't have timescale.
WARNING: [XSIM 43-4100] "D:/Documents/University/fpga/lab4/pulpino_students/rtl/components/generic_fifo.sv" Line 11. Module generic_fifo(DATA_WIDTH=64,DATA_DEPTH=2) has a timescale but at least one module in design doesn't have timescale.
WARNING: [XSIM 43-4100] "D:/Documents/University/fpga/lab4/pulpino_students/submodules/axi/axi_slice/axi_ar_buffer.sv" Line 41. Module axi_ar_buffer(ID_WIDTH=2,USER_WIDTH=1) has a timescale but at least one module in design doesn't have timescale.
WARNING: [XSIM 43-4100] "D:/Documents/University/fpga/lab4/pulpino_students/rtl/components/generic_fifo.sv" Line 11. Module generic_fifo(DATA_WIDTH=64,DATA_DEPTH=2) has a timescale but at least one module in design doesn't have timescale.
WARNING: [XSIM 43-4100] "D:/Documents/University/fpga/lab4/pulpino_students/submodules/axi/axi_slice/axi_w_buffer.sv" Line 42. Module axi_w_buffer(DATA_WIDTH=32,USER_WIDTH=1) has a timescale but at least one module in design doesn't have timescale.
WARNING: [XSIM 43-4100] "D:/Documents/University/fpga/lab4/pulpino_students/rtl/components/generic_fifo.sv" Line 11. Module generic_fifo(DATA_WIDTH=38,DATA_DEPTH=2) has a timescale but at least one module in design doesn't have timescale.
WARNING: [XSIM 43-4100] "D:/Documents/University/fpga/lab4/pulpino_students/submodules/axi/axi_slice/axi_r_buffer.sv" Line 41. Module axi_r_buffer(ID_WIDTH=2,DATA_WIDTH=32,USER_WIDTH=1,BUFFER_DEPTH=2) has a timescale but at least one module in design doesn't have timescale.
WARNING: [XSIM 43-4100] "D:/Documents/University/fpga/lab4/pulpino_students/rtl/components/generic_fifo.sv" Line 11. Module generic_fifo(DATA_WIDTH=38,DATA_DEPTH=2) has a timescale but at least one module in design doesn't have timescale.
WARNING: [XSIM 43-4100] "D:/Documents/University/fpga/lab4/pulpino_students/submodules/axi/axi_slice/axi_b_buffer.sv" Line 40. Module axi_b_buffer(ID_WIDTH=2,USER_WIDTH=1,BUFFER_DEPTH=2) has a timescale but at least one module in design doesn't have timescale.
WARNING: [XSIM 43-4100] "D:/Documents/University/fpga/lab4/pulpino_students/rtl/components/generic_fifo.sv" Line 11. Module generic_fifo(DATA_WIDTH=5,DATA_DEPTH=2) has a timescale but at least one module in design doesn't have timescale.
WARNING: [XSIM 43-4100] "D:/Documents/University/fpga/lab4/pulpino_students/rtl/xilinx_spram.v" Line 7. Module xilinx_spram(RAM_DEPTH=8192,INIT_FILE="test_sw_emb_text.dat") has a timescale but at least one module in design doesn't have timescale.
WARNING: [XSIM 43-4100] "D:/Documents/University/fpga/lab4/pulpino_students/rtl/boot_code.sv" Line 11. Module boot_code has a timescale but at least one module in design doesn't have timescale.
WARNING: [XSIM 43-4100] "D:/Documents/University/fpga/lab4/pulpino_students/submodules/axi/axi_mem_if_DP/axi_mem_if_SP.sv" Line 11. Module axi_mem_if_SP(AXI4_ID_WIDTH=4,AXI4_USER_WIDTH=1,MEM_ADDR_WIDTH=16) has a timescale but at least one module in design doesn't have timescale.
WARNING: [XSIM 43-4100] "D:/Documents/University/fpga/lab4/pulpino_students/submodules/axi/axi_slice/axi_aw_buffer.sv" Line 41. Module axi_aw_buffer(USER_WIDTH=1,BUFFER_DEPTH=4) has a timescale but at least one module in design doesn't have timescale.
WARNING: [XSIM 43-4100] "D:/Documents/University/fpga/lab4/pulpino_students/rtl/components/generic_fifo.sv" Line 11. Module generic_fifo(DATA_WIDTH=66,DATA_DEPTH=4) has a timescale but at least one module in design doesn't have timescale.
WARNING: [XSIM 43-4100] "D:/Documents/University/fpga/lab4/pulpino_students/submodules/axi/axi_slice/axi_ar_buffer.sv" Line 41. Module axi_ar_buffer(USER_WIDTH=1,BUFFER_DEPTH=4) has a timescale but at least one module in design doesn't have timescale.
WARNING: [XSIM 43-4100] "D:/Documents/University/fpga/lab4/pulpino_students/rtl/components/generic_fifo.sv" Line 11. Module generic_fifo(DATA_WIDTH=66,DATA_DEPTH=4) has a timescale but at least one module in design doesn't have timescale.
WARNING: [XSIM 43-4100] "D:/Documents/University/fpga/lab4/pulpino_students/submodules/axi/axi_slice/axi_w_buffer.sv" Line 42. Module axi_w_buffer(DATA_WIDTH=32,USER_WIDTH=1,BUFFER_DEPTH=4) has a timescale but at least one module in design doesn't have timescale.
WARNING: [XSIM 43-4100] "D:/Documents/University/fpga/lab4/pulpino_students/rtl/components/generic_fifo.sv" Line 11. Module generic_fifo(DATA_WIDTH=38,DATA_DEPTH=4) has a timescale but at least one module in design doesn't have timescale.
WARNING: [XSIM 43-4100] "D:/Documents/University/fpga/lab4/pulpino_students/submodules/axi/axi_slice/axi_r_buffer.sv" Line 41. Module axi_r_buffer(DATA_WIDTH=32,USER_WIDTH=1,BUFFER_DEPTH=4) has a timescale but at least one module in design doesn't have timescale.
WARNING: [XSIM 43-4100] "D:/Documents/University/fpga/lab4/pulpino_students/rtl/components/generic_fifo.sv" Line 11. Module generic_fifo(DATA_WIDTH=40,DATA_DEPTH=4) has a timescale but at least one module in design doesn't have timescale.
WARNING: [XSIM 43-4100] "D:/Documents/University/fpga/lab4/pulpino_students/submodules/axi/axi_slice/axi_b_buffer.sv" Line 40. Module axi_b_buffer(USER_WIDTH=1,BUFFER_DEPTH=4) has a timescale but at least one module in design doesn't have timescale.
WARNING: [XSIM 43-4100] "D:/Documents/University/fpga/lab4/pulpino_students/rtl/components/generic_fifo.sv" Line 11. Module generic_fifo(DATA_WIDTH=7,DATA_DEPTH=4) has a timescale but at least one module in design doesn't have timescale.
WARNING: [XSIM 43-4100] "D:/Documents/University/fpga/lab4/pulpino_students/submodules/axi/axi_mem_if_DP/axi_write_only_ctrl.sv" Line 16. Module axi_write_only_ctrl(AXI4_RDATA_WIDTH=32,AXI4_WDATA_WIDTH=32,AXI4_ID_WIDTH=4,AXI4_USER_WIDTH=1,AXI_NUMBYTES=4,MEM_ADDR_WIDTH=16) has a timescale but at least one module in design doesn't have timescale.
WARNING: [XSIM 43-4100] "D:/Documents/University/fpga/lab4/pulpino_students/submodules/axi/axi_mem_if_DP/axi_read_only_ctrl.sv" Line 16. Module axi_read_only_ctrl(AXI4_RDATA_WIDTH=32,AXI4_WDATA_WIDTH=32,AXI4_ID_WIDTH=4,AXI4_USER_WIDTH=1,AXI_NUMBYTES=4,MEM_ADDR_WIDTH=16) has a timescale but at least one module in design doesn't have timescale.
WARNING: [XSIM 43-4100] "D:/Documents/University/fpga/lab4/pulpino_students/rtl/xilinx_spram.v" Line 7. Module xilinx_spram(RAM_DEPTH=8192,INIT_FILE="test_sw_emb_data.dat") has a timescale but at least one module in design doesn't have timescale.
WARNING: [XSIM 43-4100] "D:/Documents/University/fpga/lab4/pulpino_students/submodules/axi/axi_mem_if_DP/axi_mem_if_SP.sv" Line 11. Module axi_mem_if_SP(AXI4_ID_WIDTH=4,AXI4_USER_WIDTH=1,MEM_ADDR_WIDTH=15) has a timescale but at least one module in design doesn't have timescale.
WARNING: [XSIM 43-4100] "D:/Documents/University/fpga/lab4/pulpino_students/submodules/axi/axi_slice/axi_aw_buffer.sv" Line 41. Module axi_aw_buffer(USER_WIDTH=1,BUFFER_DEPTH=4) has a timescale but at least one module in design doesn't have timescale.
WARNING: [XSIM 43-4100] "D:/Documents/University/fpga/lab4/pulpino_students/rtl/components/generic_fifo.sv" Line 11. Module generic_fifo(DATA_WIDTH=66,DATA_DEPTH=4) has a timescale but at least one module in design doesn't have timescale.
WARNING: [XSIM 43-4100] "D:/Documents/University/fpga/lab4/pulpino_students/submodules/axi/axi_slice/axi_ar_buffer.sv" Line 41. Module axi_ar_buffer(USER_WIDTH=1,BUFFER_DEPTH=4) has a timescale but at least one module in design doesn't have timescale.
WARNING: [XSIM 43-4100] "D:/Documents/University/fpga/lab4/pulpino_students/rtl/components/generic_fifo.sv" Line 11. Module generic_fifo(DATA_WIDTH=66,DATA_DEPTH=4) has a timescale but at least one module in design doesn't have timescale.
WARNING: [XSIM 43-4100] "D:/Documents/University/fpga/lab4/pulpino_students/submodules/axi/axi_slice/axi_w_buffer.sv" Line 42. Module axi_w_buffer(DATA_WIDTH=32,USER_WIDTH=1,BUFFER_DEPTH=4) has a timescale but at least one module in design doesn't have timescale.
WARNING: [XSIM 43-4100] "D:/Documents/University/fpga/lab4/pulpino_students/rtl/components/generic_fifo.sv" Line 11. Module generic_fifo(DATA_WIDTH=38,DATA_DEPTH=4) has a timescale but at least one module in design doesn't have timescale.
WARNING: [XSIM 43-4100] "D:/Documents/University/fpga/lab4/pulpino_students/submodules/axi/axi_slice/axi_r_buffer.sv" Line 41. Module axi_r_buffer(DATA_WIDTH=32,USER_WIDTH=1,BUFFER_DEPTH=4) has a timescale but at least one module in design doesn't have timescale.
WARNING: [XSIM 43-4100] "D:/Documents/University/fpga/lab4/pulpino_students/rtl/components/generic_fifo.sv" Line 11. Module generic_fifo(DATA_WIDTH=40,DATA_DEPTH=4) has a timescale but at least one module in design doesn't have timescale.
WARNING: [XSIM 43-4100] "D:/Documents/University/fpga/lab4/pulpino_students/submodules/axi/axi_slice/axi_b_buffer.sv" Line 40. Module axi_b_buffer(USER_WIDTH=1,BUFFER_DEPTH=4) has a timescale but at least one module in design doesn't have timescale.
WARNING: [XSIM 43-4100] "D:/Documents/University/fpga/lab4/pulpino_students/rtl/components/generic_fifo.sv" Line 11. Module generic_fifo(DATA_WIDTH=7,DATA_DEPTH=4) has a timescale but at least one module in design doesn't have timescale.
WARNING: [XSIM 43-4100] "D:/Documents/University/fpga/lab4/pulpino_students/submodules/axi/axi_mem_if_DP/axi_write_only_ctrl.sv" Line 16. Module axi_write_only_ctrl(AXI4_RDATA_WIDTH=32,AXI4_WDATA_WIDTH=32,AXI4_ID_WIDTH=4,AXI4_USER_WIDTH=1,AXI_NUMBYTES=4,MEM_ADDR_WIDTH=15) has a timescale but at least one module in design doesn't have timescale.
INFO: [Common 17-14] Message 'XSIM 43-4100' appears 50 times and further instances of the messages will be disabled. Use the Tcl command set_msg_config to change the current settings.
Completed simulation data flow analysis
Time Resolution for simulation is 1ps
Compiling package std.standard
Compiling package std.textio
Compiling package ieee.std_logic_1164
Compiling package ieee.numeric_std
Compiling package xil_defaultlib.riscv_defines
Compiling package xil_defaultlib.zeroriscy_defines
Compiling module unisims_ver.IBUF
Compiling module unisims_ver.MMCME2_ADV(CLKFBOUT_MULT_F=10.0,...
Compiling module unisims_ver.BUFG
Compiling module xil_defaultlib.xilinx_mmcm_clk_wiz
Compiling module xil_defaultlib.xilinx_mmcm
Compiling module xil_defaultlib.AXI_BUS(AXI_DATA_WIDTH=32,AXI_ID...
Compiling module xil_defaultlib.AXI_BUS(AXI_DATA_WIDTH=32,AXI_ID...
Compiling module xil_defaultlib.DEBUG_BUS
Compiling module xil_defaultlib.cluster_clock_mux2
Compiling module xil_defaultlib.rstgen
Compiling module xil_defaultlib.clk_rst_gen
Compiling module xil_defaultlib.cluster_clock_gating
Compiling module xil_defaultlib.zeroriscy_fetch_fifo
Compiling module xil_defaultlib.zeroriscy_prefetch_buffer
Compiling module xil_defaultlib.zeroriscy_compressed_decoder
Compiling module xil_defaultlib.zeroriscy_if_stage
Compiling module xil_defaultlib.zeroriscy_register_file_default
Compiling module xil_defaultlib.zeroriscy_decoder
Compiling module xil_defaultlib.zeroriscy_controller_1
Compiling module xil_defaultlib.zeroriscy_int_controller
Compiling module xil_defaultlib.zeroriscy_id_stage
Compiling module xil_defaultlib.zeroriscy_alu
Compiling module xil_defaultlib.zeroriscy_multdiv_fast
Compiling module xil_defaultlib.zeroriscy_ex_block_default
Compiling module xil_defaultlib.zeroriscy_load_store_unit
Compiling module xil_defaultlib.zeroriscy_cs_registers_default
Compiling module xil_defaultlib.zeroriscy_debug_unit
Compiling module xil_defaultlib.zeroriscy_core_default
Compiling module xil_defaultlib.core2axi(AXI4_ID_WIDTH=2,AXI4_US...
Compiling module xil_defaultlib.core2axi_wrap(AXI_USER_WIDTH=1,A...
Compiling module xil_defaultlib.generic_fifo(DATA_WIDTH=64,DATA_...
Compiling module xil_defaultlib.axi_aw_buffer(ID_WIDTH=2,USER_WI...
Compiling module xil_defaultlib.axi_ar_buffer(ID_WIDTH=2,USER_WI...
Compiling module xil_defaultlib.generic_fifo(DATA_WIDTH=38,DATA_...
Compiling module xil_defaultlib.axi_w_buffer(DATA_WIDTH=32,USER_...
Compiling module xil_defaultlib.axi_r_buffer(ID_WIDTH=2,DATA_WID...
Compiling module xil_defaultlib.generic_fifo(DATA_WIDTH=5,DATA_D...
Compiling module xil_defaultlib.axi_b_buffer(ID_WIDTH=2,USER_WID...
Compiling module xil_defaultlib.axi_slice(AXI_DATA_WIDTH=32,AXI_...
Compiling module xil_defaultlib.axi_slice_wrap(AXI_DATA_WIDTH=32...
Compiling module xil_defaultlib.xilinx_spram(RAM_DEPTH=8192,INIT...
Compiling module xil_defaultlib.sp_ram_wrap(INIT_FILE="test_sw_e...
Compiling module xil_defaultlib.boot_code
Compiling module xil_defaultlib.boot_rom_wrap
Compiling module xil_defaultlib.instr_ram_wrap(INIT_FILE="test_s...
Compiling module xil_defaultlib.generic_fifo(DATA_WIDTH=66,DATA_...
Compiling module xil_defaultlib.axi_aw_buffer(USER_WIDTH=1,BUFFE...
Compiling module xil_defaultlib.axi_ar_buffer(USER_WIDTH=1,BUFFE...
Compiling module xil_defaultlib.generic_fifo(DATA_WIDTH=38,DATA_...
Compiling module xil_defaultlib.axi_w_buffer(DATA_WIDTH=32,USER_...
Compiling module xil_defaultlib.generic_fifo(DATA_WIDTH=40,DATA_...
Compiling module xil_defaultlib.axi_r_buffer(DATA_WIDTH=32,USER_...
Compiling module xil_defaultlib.generic_fifo(DATA_WIDTH=7,DATA_D...
Compiling module xil_defaultlib.axi_b_buffer(USER_WIDTH=1,BUFFER...
Compiling module xil_defaultlib.axi_write_only_ctrl(AXI4_RDATA_W...
Compiling module xil_defaultlib.axi_read_only_ctrl(AXI4_RDATA_WI...
Compiling module xil_defaultlib.axi_mem_if_SP(AXI4_ID_WIDTH=4,AX...
Compiling module xil_defaultlib.axi_mem_if_SP_wrap(AXI_DATA_WIDT...
Compiling module xil_defaultlib.ram_mux(ADDR_WIDTH=16)
Compiling module xil_defaultlib.xilinx_spram(RAM_DEPTH=8192,INIT...
Compiling module xil_defaultlib.sp_ram_wrap(INIT_FILE="test_sw_e...
Compiling module xil_defaultlib.axi_write_only_ctrl(AXI4_RDATA_W...
Compiling module xil_defaultlib.axi_read_only_ctrl(AXI4_RDATA_WI...
Compiling module xil_defaultlib.axi_mem_if_SP(AXI4_ID_WIDTH=4,AX...
Compiling module xil_defaultlib.axi_mem_if_SP_wrap(AXI_DATA_WIDT...
Compiling module xil_defaultlib.ram_mux(ADDR_WIDTH=15)
Compiling module xil_defaultlib.cluster_clock_inverter
Compiling module xil_defaultlib.adbg_tap_top
Compiling module xil_defaultlib.adbg_axi_biu(AXI_DATA_WIDTH=32,A...
Compiling module xil_defaultlib.adbg_crc32
Compiling module xil_defaultlib.adbg_axi_module(AXI_DATA_WIDTH=3...
Compiling module xil_defaultlib.adbg_or1k_status_reg(NB_CORES=1)
Compiling module xil_defaultlib.adbg_or1k_biu(NB_CORES=1)
Compiling module xil_defaultlib.adbg_or1k_module(NB_CORES=1)
Compiling module xil_defaultlib.adbg_top(NB_CORES=1,AXI_DATA_WID...
Compiling module xil_defaultlib.adv_dbg_if(NB_CORES=1,AXI_DATA_W...
Compiling module xil_defaultlib.core_region(AXI_DATA_WIDTH=32,AX...
Compiling module xil_defaultlib.APB_BUS
Compiling module xil_defaultlib.spi_slave_rx
Compiling module xil_defaultlib.pulp_clock_inverter
Compiling module xil_defaultlib.pulp_clock_mux2
Compiling module xil_defaultlib.spi_slave_tx
Compiling module xil_defaultlib.spi_slave_cmd_parser
Compiling module xil_defaultlib.spi_slave_regs
Compiling module xil_defaultlib.spi_slave_controller
Compiling module xil_defaultlib.dc_data_buffer
Compiling module xil_defaultlib.dc_token_ring
Compiling module xil_defaultlib.dc_synchronizer
Compiling module xil_defaultlib.dc_full_detector
Compiling module xil_defaultlib.dc_token_ring_fifo_din(DATA_WIDT...
Compiling module xil_defaultlib.dc_synchronizer(WIDTH=8)
Compiling module xil_defaultlib.dc_token_ring_fifo_dout(DATA_WID...
Compiling module xil_defaultlib.spi_slave_dc_fifo
Compiling module xil_defaultlib.spi_slave_axi_plug(AXI_DATA_WIDT...
Compiling module xil_defaultlib.spi_slave_syncro
Compiling module xil_defaultlib.axi_spi_slave(AXI_DATA_WIDTH=32,...
Compiling module xil_defaultlib.axi_spi_slave_wrap(AXI_DATA_WIDT...
Compiling module xil_defaultlib.generic_fifo(DATA_WIDTH=66,DATA_...
Compiling module xil_defaultlib.axi_aw_buffer(USER_WIDTH=1)
Compiling module xil_defaultlib.axi_ar_buffer(USER_WIDTH=1)
Compiling module xil_defaultlib.generic_fifo(DATA_WIDTH=40,DATA_...
Compiling module xil_defaultlib.axi_r_buffer(DATA_WIDTH=32,USER_...
Compiling module xil_defaultlib.generic_fifo(DATA_WIDTH=7,DATA_D...
Compiling module xil_defaultlib.axi_b_buffer(USER_WIDTH=1,BUFFER...
Compiling module xil_defaultlib.axi2apb32(AXI4_ID_WIDTH=4,AXI4_U...
Compiling module xil_defaultlib.axi2apb_wrap(AXI_USER_WIDTH=1,AX...
Compiling module xil_defaultlib.apb_node(NB_MASTER=10)
Compiling module xil_defaultlib.apb_node_wrap(NB_MASTER=10)
Compiling module xil_defaultlib.periph_bus_wrap_default
Compiling architecture rtl of entity xil_defaultlib.slib_input_sync [slib_input_sync_default]
Compiling architecture rtl of entity xil_defaultlib.slib_input_filter [\slib_input_filter(size=2)\]
Compiling architecture rtl of entity xil_defaultlib.uart_interrupt [uart_interrupt_default]
Compiling architecture rtl of entity xil_defaultlib.slib_edge_detect [slib_edge_detect_default]
Compiling architecture rtl of entity xil_defaultlib.uart_baudgen [uart_baudgen_default]
Compiling architecture rtl of entity xil_defaultlib.slib_clock_div [\slib_clock_div(ratio=8)\]
Compiling architecture rtl of entity xil_defaultlib.slib_fifo [slib_fifo_default]
Compiling architecture rtl of entity xil_defaultlib.slib_fifo [\slib_fifo(width=11)\]
Compiling architecture rtl of entity xil_defaultlib.uart_transmitter [uart_transmitter_default]
Compiling architecture rtl of entity xil_defaultlib.slib_counter [slib_counter_default]
Compiling architecture rtl of entity xil_defaultlib.slib_mv_filter [slib_mv_filter_default]
Compiling architecture rtl of entity xil_defaultlib.slib_input_filter [slib_input_filter_default]
Compiling architecture rtl of entity xil_defaultlib.uart_receiver [uart_receiver_default]
Compiling architecture rtl of entity xil_defaultlib.apb_uart [apb_uart_default]
Compiling module xil_defaultlib.apb_gpio
Compiling module xil_defaultlib.spi_master_apb_if(BUFFER_DEPTH=8...
Compiling module xil_defaultlib.spi_master_fifo(BUFFER_DEPTH=8)
Compiling module xil_defaultlib.spi_master_clkgen
Compiling module xil_defaultlib.spi_master_tx
Compiling module xil_defaultlib.spi_master_rx
Compiling module xil_defaultlib.spi_master_controller
Compiling module xil_defaultlib.apb_spi_master(BUFFER_DEPTH=8)
Compiling module xil_defaultlib.timer
Compiling module xil_defaultlib.apb_timer_default
Compiling module xil_defaultlib.generic_service_unit
Compiling module xil_defaultlib.sleep_unit
Compiling module xil_defaultlib.apb_event_unit
Compiling module xil_defaultlib.i2c_master_bit_ctrl
Compiling module xil_defaultlib.i2c_master_byte_ctrl
Compiling module xil_defaultlib.apb_i2c
Compiling module xil_defaultlib.apb_fll_if
Compiling module xil_defaultlib.apb_pulpino
Compiling module xil_defaultlib.apb2per(PER_ADDR_WIDTH=15)
Compiling module xil_defaultlib.kuznechik_cipher
Compiling module xil_defaultlib.kuznechik_cipher_apb_wrapper
Compiling module xil_defaultlib.peripherals(AXI_DATA_WIDTH=32,AX...
Compiling module xil_defaultlib.axi_FanInPrimitive_Req(AUX_WIDTH...
Compiling module xil_defaultlib.axi_RR_Flag_Req(MAX_COUNT=3,WIDT...
Compiling module xil_defaultlib.axi_ArbitrationTree(ID_WIDTH=5,N...
Compiling module xil_defaultlib.axi_AR_allocator(AXI_USER_W=1,N_...
Compiling module xil_defaultlib.axi_AW_allocator(AXI_USER_W=1,N_...
Compiling module xil_defaultlib.generic_fifo(DATA_WIDTH=5)
Compiling module xil_defaultlib.axi_multiplexer(DATA_WIDTH=38,N_...
Compiling module xil_defaultlib.axi_DW_allocator(AXI_USER_W=1,N_...
Compiling module xil_defaultlib.axi_address_decoder_BW(AXI_ID_IN...
Compiling module xil_defaultlib.axi_address_decoder_BR(N_TARG_PO...
Compiling module xil_defaultlib.axi_request_block(AXI_DATA_W=32,...
Compiling module xil_defaultlib.axi_FanInPrimitive_Req(AUX_WIDTH...
Compiling module xil_defaultlib.axi_ArbitrationTree(AUX_WIDTH=3,...
Compiling module xil_defaultlib.axi_BW_allocator(AXI_USER_W=1,N_...
Compiling module xil_defaultlib.axi_FanInPrimitive_Req(AUX_WIDTH...
Compiling module xil_defaultlib.axi_ArbitrationTree(AUX_WIDTH=36...
Compiling module xil_defaultlib.axi_BR_allocator(AXI_USER_W=1,N_...
Compiling module xil_defaultlib.axi_address_decoder_AR(N_INIT_PO...
Compiling module xil_defaultlib.axi_address_decoder_AW(N_INIT_PO...
Compiling module xil_defaultlib.generic_fifo(DATA_WIDTH=3)
Compiling module xil_defaultlib.axi_address_decoder_DW(N_INIT_PO...
Compiling module xil_defaultlib.axi_response_block(AXI_DATA_W=32...
Compiling module xil_defaultlib.axi_node(AXI_DATA_W=32,AXI_USER_...
Compiling module xil_defaultlib.axi_node_intf_wrap(NB_MASTER=3,N...
Compiling module xil_defaultlib.pulpino_top(USE_ZERO_RISCY=1,DAT...
Compiling module xil_defaultlib.pulpino_nexys_a7
Compiling module xil_defaultlib.uart_phy(CLOCK_FREQUENCY=2000000...
Compiling module xil_defaultlib.pulpino_nexys_a7_tb_kuznechik
Compiling module xil_defaultlib.glbl
Built simulation snapshot pulpino_nexys_a7_tb_kuznechik_behav
run_program: Time (s): cpu = 00:00:01 ; elapsed = 00:00:25 . Memory (MB): peak = 883.023 ; gain = 0.000
INFO: [USF-XSim-69] 'elaborate' step finished in '24' seconds
launch_simulation: Time (s): cpu = 00:00:01 ; elapsed = 00:00:25 . Memory (MB): peak = 883.023 ; gain = 0.000
Vivado Simulator 2019.2
Time resolution is 1 ps
Testbench has been started.

relaunch_sim: Time (s): cpu = 00:00:05 ; elapsed = 00:00:36 . Memory (MB): peak = 883.023 ; gain = 0.000
run 1 s
Ciphering has been started.
Ciphering has been finished.
============================
===== Ciphered message =====
============================
Never gonna give you up
Never gonna let you down
Never gonna run around and desert you
Never gonna make you cry
Never gonna say goodbye
Never gonna tell a lie and hurt you     
============================
$finish called at time : 31239876 ns : File "D:/Documents/University/fpga/lab4/pulpino_students/tb/pulpino_nexys_a7_tb_kuznechik.sv" Line 201
run: Time (s): cpu = 00:03:52 ; elapsed = 00:17:46 . Memory (MB): peak = 928.797 ; gain = 45.773
relaunch_sim
Command: launch_simulation -simset sim_1 -mode behavioral
INFO: [Vivado 12-5698] Checking validity of IPs in the design for the 'XSim' simulator...
INFO: [Vivado 12-5682] Launching behavioral simulation in 'D:/Documents/University/fpga/lab4/pulpino_students/pulpino_nexys_a7_100t/pulpino_nexys_a7_100t.sim/sim_1/behav/xsim'
INFO: [Vivado 12-4795] Using compiled simulation libraries for IPs
INFO: [SIM-utils-51] Simulation object is 'sim_1'
INFO: [USF-XSim-7] Finding pre-compiled libraries...
INFO: [USF-XSim-11] File 'C:/Programs/Xilinx/Vivado/2019.2/data/xsim/xsim.ini' copied to run dir:'D:/Documents/University/fpga/lab4/pulpino_students/pulpino_nexys_a7_100t/pulpino_nexys_a7_100t.sim/sim_1/behav/xsim'
INFO: [SIM-utils-54] Inspecting design source files for 'pulpino_nexys_a7_tb_kuznechik' in fileset 'sim_1'...
INFO: [SIM-utils-43] Exported 'D:/Documents/University/fpga/lab4/pulpino_students/pulpino_nexys_a7_100t/pulpino_nexys_a7_100t.sim/sim_1/behav/xsim/test_sw_emb_text.dat'
INFO: [SIM-utils-43] Exported 'D:/Documents/University/fpga/lab4/pulpino_students/pulpino_nexys_a7_100t/pulpino_nexys_a7_100t.sim/sim_1/behav/xsim/test_sw_emb_data.dat'
INFO: [SIM-utils-43] Exported 'D:/Documents/University/fpga/lab4/pulpino_students/pulpino_nexys_a7_100t/pulpino_nexys_a7_100t.sim/sim_1/behav/xsim/boot_code.dat'
INFO: [SIM-utils-43] Exported 'D:/Documents/University/fpga/lab4/pulpino_students/pulpino_nexys_a7_100t/pulpino_nexys_a7_100t.sim/sim_1/behav/xsim/keys.mem'
INFO: [SIM-utils-43] Exported 'D:/Documents/University/fpga/lab4/pulpino_students/pulpino_nexys_a7_100t/pulpino_nexys_a7_100t.sim/sim_1/behav/xsim/S_box.mem'
INFO: [SIM-utils-43] Exported 'D:/Documents/University/fpga/lab4/pulpino_students/pulpino_nexys_a7_100t/pulpino_nexys_a7_100t.sim/sim_1/behav/xsim/S_box_inverted.mem'
INFO: [SIM-utils-43] Exported 'D:/Documents/University/fpga/lab4/pulpino_students/pulpino_nexys_a7_100t/pulpino_nexys_a7_100t.sim/sim_1/behav/xsim/L_16.mem'
INFO: [SIM-utils-43] Exported 'D:/Documents/University/fpga/lab4/pulpino_students/pulpino_nexys_a7_100t/pulpino_nexys_a7_100t.sim/sim_1/behav/xsim/L_32.mem'
INFO: [SIM-utils-43] Exported 'D:/Documents/University/fpga/lab4/pulpino_students/pulpino_nexys_a7_100t/pulpino_nexys_a7_100t.sim/sim_1/behav/xsim/L_133.mem'
INFO: [SIM-utils-43] Exported 'D:/Documents/University/fpga/lab4/pulpino_students/pulpino_nexys_a7_100t/pulpino_nexys_a7_100t.sim/sim_1/behav/xsim/L_148.mem'
INFO: [SIM-utils-43] Exported 'D:/Documents/University/fpga/lab4/pulpino_students/pulpino_nexys_a7_100t/pulpino_nexys_a7_100t.sim/sim_1/behav/xsim/L_192.mem'
INFO: [SIM-utils-43] Exported 'D:/Documents/University/fpga/lab4/pulpino_students/pulpino_nexys_a7_100t/pulpino_nexys_a7_100t.sim/sim_1/behav/xsim/L_194.mem'
INFO: [SIM-utils-43] Exported 'D:/Documents/University/fpga/lab4/pulpino_students/pulpino_nexys_a7_100t/pulpino_nexys_a7_100t.sim/sim_1/behav/xsim/L_251.mem'
INFO: [USF-XSim-97] Finding global include files...
INFO: [USF-XSim-98] Fetching design files from 'sim_1'...
INFO: [USF-XSim-2] XSim::Compile design
INFO: [USF-XSim-61] Executing 'COMPILE and ANALYZE' step in 'D:/Documents/University/fpga/lab4/pulpino_students/pulpino_nexys_a7_100t/pulpino_nexys_a7_100t.sim/sim_1/behav/xsim'
"xvlog --incr --relax -prj pulpino_nexys_a7_tb_kuznechik_vlog.prj"
INFO: [VRFC 10-2263] Analyzing Verilog file "D:/Documents/University/fpga/lab4/pulpino_students/rtl/config.sv" into library xil_defaultlib
INFO: [VRFC 10-2263] Analyzing Verilog file "D:/Documents/University/fpga/lab4/pulpino_students/pulpino_nexys_a7_100t/pulpino_nexys_a7_100t.srcs/sources_1/ip/xilinx_mmcm/xilinx_mmcm_clk_wiz.v" into library xil_defaultlib
INFO: [VRFC 10-311] analyzing module xilinx_mmcm_clk_wiz
INFO: [VRFC 10-2263] Analyzing Verilog file "D:/Documents/University/fpga/lab4/pulpino_students/pulpino_nexys_a7_100t/pulpino_nexys_a7_100t.srcs/sources_1/ip/xilinx_mmcm/xilinx_mmcm.v" into library xil_defaultlib
INFO: [VRFC 10-311] analyzing module xilinx_mmcm
INFO: [VRFC 10-2263] Analyzing Verilog file "D:/Documents/University/fpga/lab4/pulpino_students/submodules/adv_dbg_if/rtl/adbg_crc32.v" into library xil_defaultlib
INFO: [VRFC 10-311] analyzing module adbg_crc32
INFO: [VRFC 10-2263] Analyzing Verilog file "D:/Documents/University/fpga/lab4/pulpino_students/submodules/adv_dbg_if/rtl/adbg_tap_top.v" into library xil_defaultlib
INFO: [VRFC 10-311] analyzing module adbg_tap_top
INFO: [VRFC 10-2263] Analyzing Verilog file "D:/Documents/University/fpga/lab4/pulpino_students/submodules/axi/axi_slice_dc/dc_data_buffer.v" into library xil_defaultlib
INFO: [VRFC 10-311] analyzing module dc_data_buffer
INFO: [VRFC 10-2263] Analyzing Verilog file "D:/Documents/University/fpga/lab4/pulpino_students/submodules/axi/axi_slice_dc/dc_full_detector.v" into library xil_defaultlib
INFO: [VRFC 10-311] analyzing module dc_full_detector
INFO: [VRFC 10-2263] Analyzing Verilog file "D:/Documents/University/fpga/lab4/pulpino_students/submodules/axi/axi_slice_dc/dc_synchronizer.v" into library xil_defaultlib
INFO: [VRFC 10-311] analyzing module dc_synchronizer
INFO: [VRFC 10-2263] Analyzing Verilog file "D:/Documents/University/fpga/lab4/pulpino_students/submodules/axi/axi_slice_dc/dc_token_ring.v" into library xil_defaultlib
INFO: [VRFC 10-311] analyzing module dc_token_ring
INFO: [VRFC 10-2263] Analyzing Verilog file "D:/Documents/University/fpga/lab4/pulpino_students/submodules/axi/axi_slice_dc/dc_token_ring_fifo_din.v" into library xil_defaultlib
INFO: [VRFC 10-311] analyzing module dc_token_ring_fifo_din
INFO: [VRFC 10-2263] Analyzing Verilog file "D:/Documents/University/fpga/lab4/pulpino_students/submodules/axi/axi_slice_dc/dc_token_ring_fifo_dout.v" into library xil_defaultlib
INFO: [VRFC 10-311] analyzing module dc_token_ring_fifo_dout
INFO: [VRFC 10-2263] Analyzing Verilog file "D:/Documents/University/fpga/lab4/pulpino_students/rtl/xilinx_spram.v" into library xil_defaultlib
INFO: [VRFC 10-311] analyzing module xilinx_spram
INFO: [VRFC 10-2263] Analyzing SystemVerilog file "D:/Documents/University/fpga/lab4/pulpino_students/rtl/config.sv" into library xil_defaultlib
INFO: [VRFC 10-2263] Analyzing SystemVerilog file "D:/Documents/University/fpga/lab4/pulpino_students/tb/pulpino_nexys_a7_tb_kuznechik.sv" into library xil_defaultlib
INFO: [VRFC 10-311] analyzing module pulpino_nexys_a7_tb_kuznechik
"xvhdl --incr --relax -prj pulpino_nexys_a7_tb_kuznechik_vhdl.prj"
run_program: Time (s): cpu = 00:00:01 ; elapsed = 00:00:06 . Memory (MB): peak = 954.750 ; gain = 0.000
INFO: [USF-XSim-69] 'compile' step finished in '6' seconds
launch_simulation: Time (s): cpu = 00:00:02 ; elapsed = 00:00:07 . Memory (MB): peak = 954.750 ; gain = 0.000
Command: launch_simulation -simset sim_1 -mode behavioral
INFO: [Vivado 12-5698] Checking validity of IPs in the design for the 'XSim' simulator...
INFO: [Vivado 12-5682] Launching behavioral simulation in 'D:/Documents/University/fpga/lab4/pulpino_students/pulpino_nexys_a7_100t/pulpino_nexys_a7_100t.sim/sim_1/behav/xsim'
INFO: [Vivado 12-4795] Using compiled simulation libraries for IPs
INFO: [USF-XSim-3] XSim::Elaborate design
INFO: [USF-XSim-61] Executing 'ELABORATE' step in 'D:/Documents/University/fpga/lab4/pulpino_students/pulpino_nexys_a7_100t/pulpino_nexys_a7_100t.sim/sim_1/behav/xsim'
"xelab -wto 6605eff7ee774639a38cbda8a993628f --incr --debug typical --relax --mt 2 -L xil_defaultlib -L unisims_ver -L unimacro_ver -L secureip -L xpm --snapshot pulpino_nexys_a7_tb_kuznechik_behav xil_defaultlib.pulpino_nexys_a7_tb_kuznechik xil_defaultlib.glbl -log elaborate.log"
Vivado Simulator 2019.2
Copyright 1986-1999, 2001-2019 Xilinx, Inc. All Rights Reserved.
Running: C:/Programs/Xilinx/Vivado/2019.2/bin/unwrapped/win64.o/xelab.exe -wto 6605eff7ee774639a38cbda8a993628f --incr --debug typical --relax --mt 2 -L xil_defaultlib -L unisims_ver -L unimacro_ver -L secureip -L xpm --snapshot pulpino_nexys_a7_tb_kuznechik_behav xil_defaultlib.pulpino_nexys_a7_tb_kuznechik xil_defaultlib.glbl -log elaborate.log 
Using 2 slave threads.
Starting static elaboration
Pass Through NonSizing Optimizer
WARNING: [VRFC 10-3091] actual bit length 32 differs from formal bit length 12 for port 'apb_paddr_i' [D:/Documents/University/fpga/lab4/pulpino_students/rtl/peripherals.sv:562]
WARNING: [VRFC 10-5021] port 'cpu_clk_i' is not connected on this instance [D:/Documents/University/fpga/lab4/pulpino_students/rtl/core_region.sv:567]
Completed static elaboration
Starting simulation data flow analysis
WARNING: [XSIM 43-4100] "D:/Documents/University/fpga/lab4/pulpino_students/pulpino_nexys_a7_100t/pulpino_nexys_a7_100t.srcs/sources_1/ip/xilinx_mmcm/xilinx_mmcm.v" Line 68. Module xilinx_mmcm has a timescale but at least one module in design doesn't have timescale.
WARNING: [XSIM 43-4100] "D:/Documents/University/fpga/lab4/pulpino_students/pulpino_nexys_a7_100t/pulpino_nexys_a7_100t.srcs/sources_1/ip/xilinx_mmcm/xilinx_mmcm_clk_wiz.v" Line 68. Module xilinx_mmcm_clk_wiz has a timescale but at least one module in design doesn't have timescale.
WARNING: [XSIM 43-4100] "/wrk/2019.2/continuous/2019_11_06_2708876/data/verilog/src/unisims/IBUF.v" Line 29. Module IBUF has a timescale but at least one module in design doesn't have timescale.
WARNING: [XSIM 43-4100] "/wrk/2019.2/continuous/2019_11_06_2708876/data/verilog/src/unisims/MMCME2_ADV.v" Line 123. Module MMCME2_ADV(CLKFBOUT_MULT_F=10.0,CLKIN1_PERIOD=10.0,CLKOUT0_DIVIDE_F=20.0) has a timescale but at least one module in design doesn't have timescale.
WARNING: [XSIM 43-4100] "/wrk/2019.2/continuous/2019_11_06_2708876/data/verilog/src/unisims/BUFG.v" Line 27. Module BUFG has a timescale but at least one module in design doesn't have timescale.
WARNING: [XSIM 43-4100] "/wrk/2019.2/continuous/2019_11_06_2708876/data/verilog/src/unisims/BUFG.v" Line 27. Module BUFG has a timescale but at least one module in design doesn't have timescale.
WARNING: [XSIM 43-4100] "D:/Documents/University/fpga/lab4/pulpino_students/rtl/clk_rst_gen.sv" Line 12. Module clk_rst_gen has a timescale but at least one module in design doesn't have timescale.
WARNING: [XSIM 43-4100] "D:/Documents/University/fpga/lab4/pulpino_students/rtl/components/cluster_clock_mux2.sv" Line 11. Module cluster_clock_mux2 has a timescale but at least one module in design doesn't have timescale.
WARNING: [XSIM 43-4100] "D:/Documents/University/fpga/lab4/pulpino_students/rtl/components/cluster_clock_gating.sv" Line 11. Module cluster_clock_gating has a timescale but at least one module in design doesn't have timescale.
WARNING: [XSIM 43-4100] "D:/Documents/University/fpga/lab4/pulpino_students/submodules/axi/core2axi/core2axi.sv" Line 16. Module core2axi(AXI4_ID_WIDTH=2,AXI4_USER_WIDTH=1) has a timescale but at least one module in design doesn't have timescale.
WARNING: [XSIM 43-4100] "D:/Documents/University/fpga/lab4/pulpino_students/rtl/axi_slice_wrap.sv" Line 12. Module axi_slice_wrap(AXI_DATA_WIDTH=32,AXI_USER_WIDTH=1,AXI_ID_WIDTH=2)(axi_slave=AXI_BUS(AXI_DATA_WIDTH=32,AXI_ID_WIDTH=2,AXI_USER_WIDTH=1)_Slave,axi_master=AXI_BUS(AXI_DATA_WIDTH=32,AXI_ID_WIDTH=2,AXI_USER_WIDTH=1)_Master) has a timescale but at least one module in design doesn't have timescale.
WARNING: [XSIM 43-4100] "D:/Documents/University/fpga/lab4/pulpino_students/submodules/axi/axi_slice/axi_slice.sv" Line 42. Module axi_slice(AXI_DATA_WIDTH=32,AXI_USER_WIDTH=1,AXI_ID_WIDTH=2) has a timescale but at least one module in design doesn't have timescale.
WARNING: [XSIM 43-4100] "D:/Documents/University/fpga/lab4/pulpino_students/submodules/axi/axi_slice/axi_aw_buffer.sv" Line 41. Module axi_aw_buffer(ID_WIDTH=2,USER_WIDTH=1) has a timescale but at least one module in design doesn't have timescale.
WARNING: [XSIM 43-4100] "D:/Documents/University/fpga/lab4/pulpino_students/rtl/components/generic_fifo.sv" Line 11. Module generic_fifo(DATA_WIDTH=64,DATA_DEPTH=2) has a timescale but at least one module in design doesn't have timescale.
WARNING: [XSIM 43-4100] "D:/Documents/University/fpga/lab4/pulpino_students/submodules/axi/axi_slice/axi_ar_buffer.sv" Line 41. Module axi_ar_buffer(ID_WIDTH=2,USER_WIDTH=1) has a timescale but at least one module in design doesn't have timescale.
WARNING: [XSIM 43-4100] "D:/Documents/University/fpga/lab4/pulpino_students/rtl/components/generic_fifo.sv" Line 11. Module generic_fifo(DATA_WIDTH=64,DATA_DEPTH=2) has a timescale but at least one module in design doesn't have timescale.
WARNING: [XSIM 43-4100] "D:/Documents/University/fpga/lab4/pulpino_students/submodules/axi/axi_slice/axi_w_buffer.sv" Line 42. Module axi_w_buffer(DATA_WIDTH=32,USER_WIDTH=1) has a timescale but at least one module in design doesn't have timescale.
WARNING: [XSIM 43-4100] "D:/Documents/University/fpga/lab4/pulpino_students/rtl/components/generic_fifo.sv" Line 11. Module generic_fifo(DATA_WIDTH=38,DATA_DEPTH=2) has a timescale but at least one module in design doesn't have timescale.
WARNING: [XSIM 43-4100] "D:/Documents/University/fpga/lab4/pulpino_students/submodules/axi/axi_slice/axi_r_buffer.sv" Line 41. Module axi_r_buffer(ID_WIDTH=2,DATA_WIDTH=32,USER_WIDTH=1,BUFFER_DEPTH=2) has a timescale but at least one module in design doesn't have timescale.
WARNING: [XSIM 43-4100] "D:/Documents/University/fpga/lab4/pulpino_students/rtl/components/generic_fifo.sv" Line 11. Module generic_fifo(DATA_WIDTH=38,DATA_DEPTH=2) has a timescale but at least one module in design doesn't have timescale.
WARNING: [XSIM 43-4100] "D:/Documents/University/fpga/lab4/pulpino_students/submodules/axi/axi_slice/axi_b_buffer.sv" Line 40. Module axi_b_buffer(ID_WIDTH=2,USER_WIDTH=1,BUFFER_DEPTH=2) has a timescale but at least one module in design doesn't have timescale.
WARNING: [XSIM 43-4100] "D:/Documents/University/fpga/lab4/pulpino_students/rtl/components/generic_fifo.sv" Line 11. Module generic_fifo(DATA_WIDTH=5,DATA_DEPTH=2) has a timescale but at least one module in design doesn't have timescale.
WARNING: [XSIM 43-4100] "D:/Documents/University/fpga/lab4/pulpino_students/rtl/xilinx_spram.v" Line 7. Module xilinx_spram(RAM_DEPTH=8192,INIT_FILE="test_sw_emb_text.dat") has a timescale but at least one module in design doesn't have timescale.
WARNING: [XSIM 43-4100] "D:/Documents/University/fpga/lab4/pulpino_students/rtl/boot_code.sv" Line 11. Module boot_code has a timescale but at least one module in design doesn't have timescale.
WARNING: [XSIM 43-4100] "D:/Documents/University/fpga/lab4/pulpino_students/submodules/axi/axi_mem_if_DP/axi_mem_if_SP.sv" Line 11. Module axi_mem_if_SP(AXI4_ID_WIDTH=4,AXI4_USER_WIDTH=1,MEM_ADDR_WIDTH=16) has a timescale but at least one module in design doesn't have timescale.
WARNING: [XSIM 43-4100] "D:/Documents/University/fpga/lab4/pulpino_students/submodules/axi/axi_slice/axi_aw_buffer.sv" Line 41. Module axi_aw_buffer(USER_WIDTH=1,BUFFER_DEPTH=4) has a timescale but at least one module in design doesn't have timescale.
WARNING: [XSIM 43-4100] "D:/Documents/University/fpga/lab4/pulpino_students/rtl/components/generic_fifo.sv" Line 11. Module generic_fifo(DATA_WIDTH=66,DATA_DEPTH=4) has a timescale but at least one module in design doesn't have timescale.
WARNING: [XSIM 43-4100] "D:/Documents/University/fpga/lab4/pulpino_students/submodules/axi/axi_slice/axi_ar_buffer.sv" Line 41. Module axi_ar_buffer(USER_WIDTH=1,BUFFER_DEPTH=4) has a timescale but at least one module in design doesn't have timescale.
WARNING: [XSIM 43-4100] "D:/Documents/University/fpga/lab4/pulpino_students/rtl/components/generic_fifo.sv" Line 11. Module generic_fifo(DATA_WIDTH=66,DATA_DEPTH=4) has a timescale but at least one module in design doesn't have timescale.
WARNING: [XSIM 43-4100] "D:/Documents/University/fpga/lab4/pulpino_students/submodules/axi/axi_slice/axi_w_buffer.sv" Line 42. Module axi_w_buffer(DATA_WIDTH=32,USER_WIDTH=1,BUFFER_DEPTH=4) has a timescale but at least one module in design doesn't have timescale.
WARNING: [XSIM 43-4100] "D:/Documents/University/fpga/lab4/pulpino_students/rtl/components/generic_fifo.sv" Line 11. Module generic_fifo(DATA_WIDTH=38,DATA_DEPTH=4) has a timescale but at least one module in design doesn't have timescale.
WARNING: [XSIM 43-4100] "D:/Documents/University/fpga/lab4/pulpino_students/submodules/axi/axi_slice/axi_r_buffer.sv" Line 41. Module axi_r_buffer(DATA_WIDTH=32,USER_WIDTH=1,BUFFER_DEPTH=4) has a timescale but at least one module in design doesn't have timescale.
WARNING: [XSIM 43-4100] "D:/Documents/University/fpga/lab4/pulpino_students/rtl/components/generic_fifo.sv" Line 11. Module generic_fifo(DATA_WIDTH=40,DATA_DEPTH=4) has a timescale but at least one module in design doesn't have timescale.
WARNING: [XSIM 43-4100] "D:/Documents/University/fpga/lab4/pulpino_students/submodules/axi/axi_slice/axi_b_buffer.sv" Line 40. Module axi_b_buffer(USER_WIDTH=1,BUFFER_DEPTH=4) has a timescale but at least one module in design doesn't have timescale.
WARNING: [XSIM 43-4100] "D:/Documents/University/fpga/lab4/pulpino_students/rtl/components/generic_fifo.sv" Line 11. Module generic_fifo(DATA_WIDTH=7,DATA_DEPTH=4) has a timescale but at least one module in design doesn't have timescale.
WARNING: [XSIM 43-4100] "D:/Documents/University/fpga/lab4/pulpino_students/submodules/axi/axi_mem_if_DP/axi_write_only_ctrl.sv" Line 16. Module axi_write_only_ctrl(AXI4_RDATA_WIDTH=32,AXI4_WDATA_WIDTH=32,AXI4_ID_WIDTH=4,AXI4_USER_WIDTH=1,AXI_NUMBYTES=4,MEM_ADDR_WIDTH=16) has a timescale but at least one module in design doesn't have timescale.
WARNING: [XSIM 43-4100] "D:/Documents/University/fpga/lab4/pulpino_students/submodules/axi/axi_mem_if_DP/axi_read_only_ctrl.sv" Line 16. Module axi_read_only_ctrl(AXI4_RDATA_WIDTH=32,AXI4_WDATA_WIDTH=32,AXI4_ID_WIDTH=4,AXI4_USER_WIDTH=1,AXI_NUMBYTES=4,MEM_ADDR_WIDTH=16) has a timescale but at least one module in design doesn't have timescale.
WARNING: [XSIM 43-4100] "D:/Documents/University/fpga/lab4/pulpino_students/rtl/xilinx_spram.v" Line 7. Module xilinx_spram(RAM_DEPTH=8192,INIT_FILE="test_sw_emb_data.dat") has a timescale but at least one module in design doesn't have timescale.
WARNING: [XSIM 43-4100] "D:/Documents/University/fpga/lab4/pulpino_students/submodules/axi/axi_mem_if_DP/axi_mem_if_SP.sv" Line 11. Module axi_mem_if_SP(AXI4_ID_WIDTH=4,AXI4_USER_WIDTH=1,MEM_ADDR_WIDTH=15) has a timescale but at least one module in design doesn't have timescale.
WARNING: [XSIM 43-4100] "D:/Documents/University/fpga/lab4/pulpino_students/submodules/axi/axi_slice/axi_aw_buffer.sv" Line 41. Module axi_aw_buffer(USER_WIDTH=1,BUFFER_DEPTH=4) has a timescale but at least one module in design doesn't have timescale.
WARNING: [XSIM 43-4100] "D:/Documents/University/fpga/lab4/pulpino_students/rtl/components/generic_fifo.sv" Line 11. Module generic_fifo(DATA_WIDTH=66,DATA_DEPTH=4) has a timescale but at least one module in design doesn't have timescale.
WARNING: [XSIM 43-4100] "D:/Documents/University/fpga/lab4/pulpino_students/submodules/axi/axi_slice/axi_ar_buffer.sv" Line 41. Module axi_ar_buffer(USER_WIDTH=1,BUFFER_DEPTH=4) has a timescale but at least one module in design doesn't have timescale.
WARNING: [XSIM 43-4100] "D:/Documents/University/fpga/lab4/pulpino_students/rtl/components/generic_fifo.sv" Line 11. Module generic_fifo(DATA_WIDTH=66,DATA_DEPTH=4) has a timescale but at least one module in design doesn't have timescale.
WARNING: [XSIM 43-4100] "D:/Documents/University/fpga/lab4/pulpino_students/submodules/axi/axi_slice/axi_w_buffer.sv" Line 42. Module axi_w_buffer(DATA_WIDTH=32,USER_WIDTH=1,BUFFER_DEPTH=4) has a timescale but at least one module in design doesn't have timescale.
WARNING: [XSIM 43-4100] "D:/Documents/University/fpga/lab4/pulpino_students/rtl/components/generic_fifo.sv" Line 11. Module generic_fifo(DATA_WIDTH=38,DATA_DEPTH=4) has a timescale but at least one module in design doesn't have timescale.
WARNING: [XSIM 43-4100] "D:/Documents/University/fpga/lab4/pulpino_students/submodules/axi/axi_slice/axi_r_buffer.sv" Line 41. Module axi_r_buffer(DATA_WIDTH=32,USER_WIDTH=1,BUFFER_DEPTH=4) has a timescale but at least one module in design doesn't have timescale.
WARNING: [XSIM 43-4100] "D:/Documents/University/fpga/lab4/pulpino_students/rtl/components/generic_fifo.sv" Line 11. Module generic_fifo(DATA_WIDTH=40,DATA_DEPTH=4) has a timescale but at least one module in design doesn't have timescale.
WARNING: [XSIM 43-4100] "D:/Documents/University/fpga/lab4/pulpino_students/submodules/axi/axi_slice/axi_b_buffer.sv" Line 40. Module axi_b_buffer(USER_WIDTH=1,BUFFER_DEPTH=4) has a timescale but at least one module in design doesn't have timescale.
WARNING: [XSIM 43-4100] "D:/Documents/University/fpga/lab4/pulpino_students/rtl/components/generic_fifo.sv" Line 11. Module generic_fifo(DATA_WIDTH=7,DATA_DEPTH=4) has a timescale but at least one module in design doesn't have timescale.
WARNING: [XSIM 43-4100] "D:/Documents/University/fpga/lab4/pulpino_students/submodules/axi/axi_mem_if_DP/axi_write_only_ctrl.sv" Line 16. Module axi_write_only_ctrl(AXI4_RDATA_WIDTH=32,AXI4_WDATA_WIDTH=32,AXI4_ID_WIDTH=4,AXI4_USER_WIDTH=1,AXI_NUMBYTES=4,MEM_ADDR_WIDTH=15) has a timescale but at least one module in design doesn't have timescale.
INFO: [Common 17-14] Message 'XSIM 43-4100' appears 50 times and further instances of the messages will be disabled. Use the Tcl command set_msg_config to change the current settings.
Completed simulation data flow analysis
Time Resolution for simulation is 1ps
Compiling package std.standard
Compiling package std.textio
Compiling package ieee.std_logic_1164
Compiling package ieee.numeric_std
Compiling package xil_defaultlib.riscv_defines
Compiling package xil_defaultlib.zeroriscy_defines
Compiling module unisims_ver.IBUF
Compiling module unisims_ver.MMCME2_ADV(CLKFBOUT_MULT_F=10.0,...
Compiling module unisims_ver.BUFG
Compiling module xil_defaultlib.xilinx_mmcm_clk_wiz
Compiling module xil_defaultlib.xilinx_mmcm
Compiling module xil_defaultlib.AXI_BUS(AXI_DATA_WIDTH=32,AXI_ID...
Compiling module xil_defaultlib.AXI_BUS(AXI_DATA_WIDTH=32,AXI_ID...
Compiling module xil_defaultlib.DEBUG_BUS
Compiling module xil_defaultlib.cluster_clock_mux2
Compiling module xil_defaultlib.rstgen
Compiling module xil_defaultlib.clk_rst_gen
Compiling module xil_defaultlib.cluster_clock_gating
Compiling module xil_defaultlib.zeroriscy_fetch_fifo
Compiling module xil_defaultlib.zeroriscy_prefetch_buffer
Compiling module xil_defaultlib.zeroriscy_compressed_decoder
Compiling module xil_defaultlib.zeroriscy_if_stage
Compiling module xil_defaultlib.zeroriscy_register_file_default
Compiling module xil_defaultlib.zeroriscy_decoder
Compiling module xil_defaultlib.zeroriscy_controller_1
Compiling module xil_defaultlib.zeroriscy_int_controller
Compiling module xil_defaultlib.zeroriscy_id_stage
Compiling module xil_defaultlib.zeroriscy_alu
Compiling module xil_defaultlib.zeroriscy_multdiv_fast
Compiling module xil_defaultlib.zeroriscy_ex_block_default
Compiling module xil_defaultlib.zeroriscy_load_store_unit
Compiling module xil_defaultlib.zeroriscy_cs_registers_default
Compiling module xil_defaultlib.zeroriscy_debug_unit
Compiling module xil_defaultlib.zeroriscy_core_default
Compiling module xil_defaultlib.core2axi(AXI4_ID_WIDTH=2,AXI4_US...
Compiling module xil_defaultlib.core2axi_wrap(AXI_USER_WIDTH=1,A...
Compiling module xil_defaultlib.generic_fifo(DATA_WIDTH=64,DATA_...
Compiling module xil_defaultlib.axi_aw_buffer(ID_WIDTH=2,USER_WI...
Compiling module xil_defaultlib.axi_ar_buffer(ID_WIDTH=2,USER_WI...
Compiling module xil_defaultlib.generic_fifo(DATA_WIDTH=38,DATA_...
Compiling module xil_defaultlib.axi_w_buffer(DATA_WIDTH=32,USER_...
Compiling module xil_defaultlib.axi_r_buffer(ID_WIDTH=2,DATA_WID...
Compiling module xil_defaultlib.generic_fifo(DATA_WIDTH=5,DATA_D...
Compiling module xil_defaultlib.axi_b_buffer(ID_WIDTH=2,USER_WID...
Compiling module xil_defaultlib.axi_slice(AXI_DATA_WIDTH=32,AXI_...
Compiling module xil_defaultlib.axi_slice_wrap(AXI_DATA_WIDTH=32...
Compiling module xil_defaultlib.xilinx_spram(RAM_DEPTH=8192,INIT...
Compiling module xil_defaultlib.sp_ram_wrap(INIT_FILE="test_sw_e...
Compiling module xil_defaultlib.boot_code
Compiling module xil_defaultlib.boot_rom_wrap
Compiling module xil_defaultlib.instr_ram_wrap(INIT_FILE="test_s...
Compiling module xil_defaultlib.generic_fifo(DATA_WIDTH=66,DATA_...
Compiling module xil_defaultlib.axi_aw_buffer(USER_WIDTH=1,BUFFE...
Compiling module xil_defaultlib.axi_ar_buffer(USER_WIDTH=1,BUFFE...
Compiling module xil_defaultlib.generic_fifo(DATA_WIDTH=38,DATA_...
Compiling module xil_defaultlib.axi_w_buffer(DATA_WIDTH=32,USER_...
Compiling module xil_defaultlib.generic_fifo(DATA_WIDTH=40,DATA_...
Compiling module xil_defaultlib.axi_r_buffer(DATA_WIDTH=32,USER_...
Compiling module xil_defaultlib.generic_fifo(DATA_WIDTH=7,DATA_D...
Compiling module xil_defaultlib.axi_b_buffer(USER_WIDTH=1,BUFFER...
Compiling module xil_defaultlib.axi_write_only_ctrl(AXI4_RDATA_W...
Compiling module xil_defaultlib.axi_read_only_ctrl(AXI4_RDATA_WI...
Compiling module xil_defaultlib.axi_mem_if_SP(AXI4_ID_WIDTH=4,AX...
Compiling module xil_defaultlib.axi_mem_if_SP_wrap(AXI_DATA_WIDT...
Compiling module xil_defaultlib.ram_mux(ADDR_WIDTH=16)
Compiling module xil_defaultlib.xilinx_spram(RAM_DEPTH=8192,INIT...
Compiling module xil_defaultlib.sp_ram_wrap(INIT_FILE="test_sw_e...
Compiling module xil_defaultlib.axi_write_only_ctrl(AXI4_RDATA_W...
Compiling module xil_defaultlib.axi_read_only_ctrl(AXI4_RDATA_WI...
Compiling module xil_defaultlib.axi_mem_if_SP(AXI4_ID_WIDTH=4,AX...
Compiling module xil_defaultlib.axi_mem_if_SP_wrap(AXI_DATA_WIDT...
Compiling module xil_defaultlib.ram_mux(ADDR_WIDTH=15)
Compiling module xil_defaultlib.cluster_clock_inverter
Compiling module xil_defaultlib.adbg_tap_top
Compiling module xil_defaultlib.adbg_axi_biu(AXI_DATA_WIDTH=32,A...
Compiling module xil_defaultlib.adbg_crc32
Compiling module xil_defaultlib.adbg_axi_module(AXI_DATA_WIDTH=3...
Compiling module xil_defaultlib.adbg_or1k_status_reg(NB_CORES=1)
Compiling module xil_defaultlib.adbg_or1k_biu(NB_CORES=1)
Compiling module xil_defaultlib.adbg_or1k_module(NB_CORES=1)
Compiling module xil_defaultlib.adbg_top(NB_CORES=1,AXI_DATA_WID...
Compiling module xil_defaultlib.adv_dbg_if(NB_CORES=1,AXI_DATA_W...
Compiling module xil_defaultlib.core_region(AXI_DATA_WIDTH=32,AX...
Compiling module xil_defaultlib.APB_BUS
Compiling module xil_defaultlib.spi_slave_rx
Compiling module xil_defaultlib.pulp_clock_inverter
Compiling module xil_defaultlib.pulp_clock_mux2
Compiling module xil_defaultlib.spi_slave_tx
Compiling module xil_defaultlib.spi_slave_cmd_parser
Compiling module xil_defaultlib.spi_slave_regs
Compiling module xil_defaultlib.spi_slave_controller
Compiling module xil_defaultlib.dc_data_buffer
Compiling module xil_defaultlib.dc_token_ring
Compiling module xil_defaultlib.dc_synchronizer
Compiling module xil_defaultlib.dc_full_detector
Compiling module xil_defaultlib.dc_token_ring_fifo_din(DATA_WIDT...
Compiling module xil_defaultlib.dc_synchronizer(WIDTH=8)
Compiling module xil_defaultlib.dc_token_ring_fifo_dout(DATA_WID...
Compiling module xil_defaultlib.spi_slave_dc_fifo
Compiling module xil_defaultlib.spi_slave_axi_plug(AXI_DATA_WIDT...
Compiling module xil_defaultlib.spi_slave_syncro
Compiling module xil_defaultlib.axi_spi_slave(AXI_DATA_WIDTH=32,...
Compiling module xil_defaultlib.axi_spi_slave_wrap(AXI_DATA_WIDT...
Compiling module xil_defaultlib.generic_fifo(DATA_WIDTH=66,DATA_...
Compiling module xil_defaultlib.axi_aw_buffer(USER_WIDTH=1)
Compiling module xil_defaultlib.axi_ar_buffer(USER_WIDTH=1)
Compiling module xil_defaultlib.generic_fifo(DATA_WIDTH=40,DATA_...
Compiling module xil_defaultlib.axi_r_buffer(DATA_WIDTH=32,USER_...
Compiling module xil_defaultlib.generic_fifo(DATA_WIDTH=7,DATA_D...
Compiling module xil_defaultlib.axi_b_buffer(USER_WIDTH=1,BUFFER...
Compiling module xil_defaultlib.axi2apb32(AXI4_ID_WIDTH=4,AXI4_U...
Compiling module xil_defaultlib.axi2apb_wrap(AXI_USER_WIDTH=1,AX...
Compiling module xil_defaultlib.apb_node(NB_MASTER=10)
Compiling module xil_defaultlib.apb_node_wrap(NB_MASTER=10)
Compiling module xil_defaultlib.periph_bus_wrap_default
Compiling architecture rtl of entity xil_defaultlib.slib_input_sync [slib_input_sync_default]
Compiling architecture rtl of entity xil_defaultlib.slib_input_filter [\slib_input_filter(size=2)\]
Compiling architecture rtl of entity xil_defaultlib.uart_interrupt [uart_interrupt_default]
Compiling architecture rtl of entity xil_defaultlib.slib_edge_detect [slib_edge_detect_default]
Compiling architecture rtl of entity xil_defaultlib.uart_baudgen [uart_baudgen_default]
Compiling architecture rtl of entity xil_defaultlib.slib_clock_div [\slib_clock_div(ratio=8)\]
Compiling architecture rtl of entity xil_defaultlib.slib_fifo [slib_fifo_default]
Compiling architecture rtl of entity xil_defaultlib.slib_fifo [\slib_fifo(width=11)\]
Compiling architecture rtl of entity xil_defaultlib.uart_transmitter [uart_transmitter_default]
Compiling architecture rtl of entity xil_defaultlib.slib_counter [slib_counter_default]
Compiling architecture rtl of entity xil_defaultlib.slib_mv_filter [slib_mv_filter_default]
Compiling architecture rtl of entity xil_defaultlib.slib_input_filter [slib_input_filter_default]
Compiling architecture rtl of entity xil_defaultlib.uart_receiver [uart_receiver_default]
Compiling architecture rtl of entity xil_defaultlib.apb_uart [apb_uart_default]
Compiling module xil_defaultlib.apb_gpio
Compiling module xil_defaultlib.spi_master_apb_if(BUFFER_DEPTH=8...
Compiling module xil_defaultlib.spi_master_fifo(BUFFER_DEPTH=8)
Compiling module xil_defaultlib.spi_master_clkgen
Compiling module xil_defaultlib.spi_master_tx
Compiling module xil_defaultlib.spi_master_rx
Compiling module xil_defaultlib.spi_master_controller
Compiling module xil_defaultlib.apb_spi_master(BUFFER_DEPTH=8)
Compiling module xil_defaultlib.timer
Compiling module xil_defaultlib.apb_timer_default
Compiling module xil_defaultlib.generic_service_unit
Compiling module xil_defaultlib.sleep_unit
Compiling module xil_defaultlib.apb_event_unit
Compiling module xil_defaultlib.i2c_master_bit_ctrl
Compiling module xil_defaultlib.i2c_master_byte_ctrl
Compiling module xil_defaultlib.apb_i2c
Compiling module xil_defaultlib.apb_fll_if
Compiling module xil_defaultlib.apb_pulpino
Compiling module xil_defaultlib.apb2per(PER_ADDR_WIDTH=15)
Compiling module xil_defaultlib.kuznechik_cipher
Compiling module xil_defaultlib.kuznechik_cipher_apb_wrapper
Compiling module xil_defaultlib.peripherals(AXI_DATA_WIDTH=32,AX...
Compiling module xil_defaultlib.axi_FanInPrimitive_Req(AUX_WIDTH...
Compiling module xil_defaultlib.axi_RR_Flag_Req(MAX_COUNT=3,WIDT...
Compiling module xil_defaultlib.axi_ArbitrationTree(ID_WIDTH=5,N...
Compiling module xil_defaultlib.axi_AR_allocator(AXI_USER_W=1,N_...
Compiling module xil_defaultlib.axi_AW_allocator(AXI_USER_W=1,N_...
Compiling module xil_defaultlib.generic_fifo(DATA_WIDTH=5)
Compiling module xil_defaultlib.axi_multiplexer(DATA_WIDTH=38,N_...
Compiling module xil_defaultlib.axi_DW_allocator(AXI_USER_W=1,N_...
Compiling module xil_defaultlib.axi_address_decoder_BW(AXI_ID_IN...
Compiling module xil_defaultlib.axi_address_decoder_BR(N_TARG_PO...
Compiling module xil_defaultlib.axi_request_block(AXI_DATA_W=32,...
Compiling module xil_defaultlib.axi_FanInPrimitive_Req(AUX_WIDTH...
Compiling module xil_defaultlib.axi_ArbitrationTree(AUX_WIDTH=3,...
Compiling module xil_defaultlib.axi_BW_allocator(AXI_USER_W=1,N_...
Compiling module xil_defaultlib.axi_FanInPrimitive_Req(AUX_WIDTH...
Compiling module xil_defaultlib.axi_ArbitrationTree(AUX_WIDTH=36...
Compiling module xil_defaultlib.axi_BR_allocator(AXI_USER_W=1,N_...
Compiling module xil_defaultlib.axi_address_decoder_AR(N_INIT_PO...
Compiling module xil_defaultlib.axi_address_decoder_AW(N_INIT_PO...
Compiling module xil_defaultlib.generic_fifo(DATA_WIDTH=3)
Compiling module xil_defaultlib.axi_address_decoder_DW(N_INIT_PO...
Compiling module xil_defaultlib.axi_response_block(AXI_DATA_W=32...
Compiling module xil_defaultlib.axi_node(AXI_DATA_W=32,AXI_USER_...
Compiling module xil_defaultlib.axi_node_intf_wrap(NB_MASTER=3,N...
Compiling module xil_defaultlib.pulpino_top(USE_ZERO_RISCY=1,DAT...
Compiling module xil_defaultlib.pulpino_nexys_a7
Compiling module xil_defaultlib.uart_phy(CLOCK_FREQUENCY=2000000...
Compiling module xil_defaultlib.pulpino_nexys_a7_tb_kuznechik
Compiling module xil_defaultlib.glbl
Built simulation snapshot pulpino_nexys_a7_tb_kuznechik_behav
run_program: Time (s): cpu = 00:00:01 ; elapsed = 00:00:27 . Memory (MB): peak = 954.750 ; gain = 0.000
INFO: [USF-XSim-69] 'elaborate' step finished in '27' seconds
launch_simulation: Time (s): cpu = 00:00:01 ; elapsed = 00:00:27 . Memory (MB): peak = 954.750 ; gain = 0.000
Vivado Simulator 2019.2
Time resolution is 1 ps
Testbench has been started.

relaunch_sim: Time (s): cpu = 00:00:04 ; elapsed = 00:00:38 . Memory (MB): peak = 954.750 ; gain = 0.000
run 1 s
Ciphering has been started.
Ciphering has been finished.
============================
===== Ciphered message =====
============================
Never gonna give you up
Never gonna let you down
Never gonna run around and desert you
Never gonna make you cry
Never gonna say goodbye
Never gonna tell a lie and hurt you     
============================
$finish called at time : 31239886 ns : File "D:/Documents/University/fpga/lab4/pulpino_students/tb/pulpino_nexys_a7_tb_kuznechik.sv" Line 203
run: Time (s): cpu = 00:03:35 ; elapsed = 00:18:26 . Memory (MB): peak = 954.750 ; gain = 0.000
close_sim
INFO: [Simtcl 6-16] Simulation closed
close_sim: Time (s): cpu = 00:00:04 ; elapsed = 00:00:10 . Memory (MB): peak = 961.051 ; gain = 0.000
exit
INFO: [Common 17-206] Exiting Vivado at Tue Apr 18 22:38:48 2023...
